
Gurobi 8.0.1 (linux64) logging started Fri Feb  8 11:12:39 2019

Changed value of parameter logFile to solver.log
   Prev: gurobi.log  Default: 
Changed value of parameter BarConvTol to 1e-05
   Prev: 1e-08  Min: 0.0  Max: 1.0  Default: 1e-08
Changed value of parameter method to 2
   Prev: -1  Min: -1  Max: 5  Default: -1
Changed value of parameter crossover to 0
   Prev: -1  Min: -1  Max: 5  Default: -1
Optimize a model with 7227 rows, 6549 columns and 25515 nonzeros
Coefficient statistics:
  Matrix range     [1e-01, 2e+02]
  Objective range  [1e-03, 6e+01]
  Bounds range     [1e-05, 8e+07]
  RHS range        [1e+00, 4e+06]
Presolve removed 3109 rows and 314 columns
Presolve time: 0.06s
Presolved: 4118 rows, 6235 columns, 22257 nonzeros
Ordering time: 0.01s

Barrier statistics:
 AA' NZ     : 3.832e+04
 Factor NZ  : 1.062e+05 (roughly 5 MBytes of memory)
 Factor Ops : 9.730e+06 (less than 1 second per iteration)
 Threads    : 1

                  Objective                Residual
Iter       Primal          Dual         Primal    Dual     Compl     Time
   0   6.31907305e+10 -1.89802170e+12  1.99e+06 3.55e+01  4.78e+08     0s
   1   1.83370753e+10 -1.41520016e+11  3.45e+05 3.05e+01  4.70e+07     0s
   2   9.21354518e+09 -1.53924411e+10  5.37e+04 4.90e+00  6.83e+06     0s
   3   2.37300387e+09 -9.63778225e+08  4.36e+03 2.93e-11  6.22e+05     0s
   4   2.15458212e+08 -2.77236162e+08  3.74e+02 5.37e-11  6.56e+04     0s
   5   7.15740425e+07 -8.94953370e+07  1.16e+02 2.69e-09  1.97e+04     0s
   6   3.15463921e+07 -3.44742190e+07  4.62e+01 7.83e-10  7.80e+03     0s
   7   2.06992889e+07 -1.71215008e+07  2.88e+01 3.79e-10  4.52e+03     0s
   8   1.61274407e+07 -1.29727418e+07  2.18e+01 2.99e-10  3.48e+03     0s
   9   1.33704758e+07 -8.16299369e+06  1.75e+01 2.27e-10  2.77e+03     0s
  10   1.07838702e+07 -1.41207631e+06  1.35e+01 1.50e-10  2.03e+03     0s
  11   1.03862137e+07 -3.22107017e+05  1.29e+01 1.44e-10  1.94e+03     0s
  12   9.55667924e+06  9.05906212e+06  1.16e+01 1.27e-10  1.77e+03     0s
  13   9.28837918e+06  1.98671854e+07  1.11e+01 1.39e-10  1.70e+03     0s
  14   9.26158581e+06  2.60825739e+07  1.11e+01 2.27e-10  1.72e+03     0s
  15   9.08732713e+06  3.29185702e+07  1.07e+01 4.03e-10  1.64e+03     0s
  16   8.90801802e+06  4.80121895e+07  1.03e+01 1.25e-09  1.54e+03     0s
  17   8.80505755e+06  1.14248870e+08  1.01e+01 2.41e-09  1.59e+03     0s
  18   8.74936424e+06  1.68981890e+08  1.00e+01 1.36e-09  1.55e+03     0s
  19   6.31907305e+10 -2.03658839e+12  1.99e+06 3.55e+01  5.13e+08     0s
  20   2.45908957e+10 -6.76545037e+11  4.53e+05 1.23e+02  1.65e+08     0s
  21   1.34165114e+10 -5.98950669e+10  7.43e+04 8.83e+00  2.12e+07     0s
  22   5.79007002e+09 -3.29263431e+09  5.11e+03 2.09e-10  1.75e+06     0s
  23   4.93067587e+08 -6.92829047e+08  3.92e+02 2.87e-11  1.62e+05     0s
  24   1.59673011e+08 -2.18333931e+08  1.20e+02 4.46e-11  4.79e+04     0s
  25   5.74958636e+07 -1.42797129e+08  3.99e+01 8.09e-11  2.16e+04     0s
  26   4.42998174e+07 -7.88030283e+07  2.99e+01 8.52e-11  1.38e+04     0s
  27   3.03226153e+07 -5.78898041e+07  1.95e+01 1.08e-10  9.65e+03     0s
  28   2.45045147e+07 -3.26719785e+07  1.53e+01 9.38e-11  7.33e+03     0s
  29   2.03206410e+07 -1.43392381e+07  1.23e+01 2.83e-10  6.02e+03     0s
  30   1.89085750e+07  3.49143140e+06  1.13e+01 3.92e-10  5.66e+03     0s
  31   1.82594520e+07  2.12515338e+07  1.08e+01 1.34e-09  5.37e+03     0s
  32   1.78674804e+07  6.01264699e+07  1.05e+01 2.98e-09  5.27e+03     0s
  33   1.73671146e+07  1.23507571e+08  1.01e+01 3.60e-09  4.92e+03     0s
  34   1.73455460e+07  3.68703971e+08  9.98e+00 3.42e-08  5.01e+03     0s
  35   1.73374651e+07  6.38313702e+08  9.94e+00 2.88e-08  5.01e+03     0s
  36   1.73492572e+07  1.69020384e+09  9.92e+00 8.73e-08  5.41e+03     0s
  37   1.72939190e+07  2.91933262e+09  9.90e+00 8.31e-08  5.64e+03     0s
  38   1.73711917e+07  3.39717885e+09  9.90e+00 9.24e-08  5.60e+03     0s
  39   1.75538855e+07  5.61454601e+09  9.89e+00 5.72e-08  5.90e+03     0s
  40   1.74850951e+07  1.78980490e+10  9.88e+00 3.83e-07  8.22e+03     0s
  41   1.76057233e+07  2.46490711e+10  9.88e+00 2.17e-07  9.40e+03     0s
  42   1.76409140e+07  6.08744136e+10  9.87e+00 6.32e-07  1.35e+04     0s
  43   1.76501891e+07  1.58069398e+11  9.87e+00 1.33e-06  2.46e+04     0s
  44   1.76393219e+07  3.10398567e+11  9.87e+00 1.09e-06  2.59e+04     0s
  45   1.76477820e+07  5.55701590e+11  9.86e+00 2.39e-06  4.00e+04     0s
  46   1.76512344e+07  1.52931018e+12  9.86e+00 7.58e-06  9.13e+04     0s
  47   1.76577017e+07  4.94492013e+12  9.86e+00 2.09e-05  2.24e+05     0s
  48   6.31907305e+10 -2.03658839e+12  1.99e+06 3.55e+01  5.13e+08     0s
  49   1.55257342e+10 -7.14275016e+10  1.63e+05 2.20e+01  3.75e+07     0s
  50   3.02960094e+09 -2.30089171e+09  6.89e+03 1.94e+00  1.17e+06     0s
  51   1.15151859e+08 -2.87538064e+08  3.96e+02 4.09e-11  5.27e+04     0s
  52   4.81046999e+07 -7.79175587e+07  1.62e+02 1.19e-11  1.59e+04     0s
  53   1.21086891e+07 -2.02307079e+07  3.88e+01 1.05e-11  3.67e+03     0s
  54   7.99245439e+06 -1.05819663e+07  2.33e+01 1.15e-11  2.13e+03     1s
  55   6.39926594e+06 -6.28299526e+06  1.66e+01 3.45e-11  1.58e+03     1s
  56   6.42707593e+06 -2.58592391e+06  1.35e+01 2.28e-03  1.45e+03     1s
  57   8.17701000e+06  1.66141283e+06  1.32e+01 5.65e-04  2.20e+03     1s
  58   8.53272582e+06  4.14149597e+06  1.30e+01 8.96e-09  3.02e+03     1s
  59   1.05433646e+07  6.34241910e+06  1.28e+01 6.99e-09  4.03e+03     1s
  60   1.25728490e+07  7.19980640e+06  1.27e+01 5.80e-09  4.54e+03     1s
  61   1.29549229e+07  7.99695470e+06  1.26e+01 6.05e-09  4.82e+03     1s
  62   1.79612558e+07  1.83263243e+07  1.27e+01 1.33e-07  1.00e+04     1s
  63   2.38243652e+07  3.61006344e+07  1.26e+01 7.33e-07  2.17e+04     1s
  64   9.81200783e+07  5.09857035e+07  1.30e+01 7.62e-07  4.36e+04     1s
  65   2.76146135e+08  3.65553150e+08  1.30e+01 3.66e-07  1.88e+05     1s
  66   1.50912374e+09  1.48661568e+09  1.29e+01 2.31e-06  9.74e+05     1s
  67*  2.91238162e+09  8.21504058e+10  1.64e+00 5.69e-04  1.75e+03     1s
  68*  2.04049863e+10  7.55616192e+11  5.39e-02 9.10e-05  1.25e+03     1s
  69*  2.02805802e+10  1.97678515e+12  5.63e-06 4.30e-05  1.36e-01     1s
  70*  2.02805801e+10  1.17143471e+17  5.63e-11 2.98e-05  1.36e-06     1s

Barrier performed 70 iterations in 0.59 seconds
Infeasible model

