
Gurobi 12.0.1 (linux64) logging started Tue Feb 18 14:31:29 2025

Set parameter LogFile to value "solver_etrago.log"
Set parameter Threads to value 7
Gurobi Optimizer version 12.0.1 build v12.0.1rc0 (linux64 - "Ubuntu 24.04.1 LTS")

CPU model: Intel(R) Core(TM) i5-10210U CPU @ 1.60GHz, instruction set [SSE2|AVX|AVX2]
Thread count: 4 physical cores, 8 logical processors, using up to 7 threads

Non-default parameters:
FeasibilityTol  1e-05
Method  2
BarConvTol  1e-05
Crossover  0
Threads  7

Optimize a model with 296753 rows, 137327 columns and 655481 nonzeros
Model fingerprint: 0x5588af63
Coefficient statistics:
  Matrix range     [4e-01, 1e+05]
  Objective range  [3e-03, 1e+04]
  Bounds range     [1e+00, 4e+07]
  RHS range        [1e-25, 3e+08]
Presolve removed 28696 rows and 133349 columns
Presolve time: 1.49s
Presolved: 108631 rows, 181549 columns, 542873 nonzeros
Ordering time: 5.24s

Barrier statistics:
 Dense cols : 336
 Free vars  : 15
 AA' NZ     : 1.870e+06
 Factor NZ  : 7.925e+06 (roughly 180 MB of memory)
 Factor Ops : 3.091e+09 (less than 1 second per iteration)
 Threads    : 7

                  Objective                Residual
Iter       Primal          Dual         Primal    Dual     Compl     Time
   0  -2.29861160e+16  1.88998241e+14  1.25e+07 1.47e+07  9.93e+11     8s
   1  -7.36094799e+15  3.17614957e+14  3.87e+06 9.76e+06  5.96e+11     9s
   2  -2.98061583e+15  3.20470688e+14  1.44e+06 7.63e+06  4.54e+11     9s
   3  -1.13383699e+15  2.33665737e+14  4.77e+05 4.02e+06  2.39e+11    10s
   4  -6.96503423e+14  2.37230341e+14  2.71e+05 3.47e+06  2.04e+11    10s
   5  -3.57344839e+14  1.65455789e+14  1.09e+05 1.38e+06  8.37e+10    10s
   6  -7.97049469e+13  2.97476650e+13  1.16e+04 1.11e+05  6.98e+09    11s
   7  -3.17488723e+13  1.51308562e+13  1.23e+03 5.44e+04  3.37e+09    11s
   8  -1.75405224e+13  4.19868141e+12  1.18e+02 9.15e+03  6.13e+08    12s
   9  -8.72499135e+12  9.08165573e+11  1.86e+01 1.16e+03  9.82e+07    12s
  10  -4.41707341e+12  3.91096297e+11  7.03e+00 3.16e+02  3.29e+07    13s
  11  -1.76123480e+12  1.79702925e+11  1.95e+00 9.10e+01  1.06e+07    13s
  12  -6.31871784e+11  6.76006517e+10  5.63e-01 2.30e+01  3.17e+06    14s
  13  -1.24330324e+11  2.73213773e+10  8.57e-02 3.80e+00  6.11e+05    14s
  14  -1.46556973e+10  2.03229674e+10  1.61e-02 1.30e+00  1.37e+05    15s
  15   4.05826888e+09  1.73732489e+10  1.01e-02 5.68e-01  5.11e+04    15s
  16   8.68087261e+09  1.65406480e+10  1.36e-02 3.91e-01  3.00e+04    16s
  17   1.09270825e+10  1.54216293e+10  1.18e-02 1.81e-01  1.69e+04    16s
  18   1.20425896e+10  1.50603752e+10  9.38e-03 1.23e-01  1.13e+04    16s
  19   1.33053310e+10  1.47301714e+10  7.17e-03 7.56e-02  5.35e+03    17s
  20   1.37296832e+10  1.45367993e+10  4.55e-03 5.09e-02  3.04e+03    17s
  21   1.38580926e+10  1.44170723e+10  3.44e-03 3.61e-02  2.10e+03    18s
  22   1.39482355e+10  1.43320996e+10  2.93e-03 2.58e-02  1.44e+03    18s
  23   1.40143608e+10  1.42605039e+10  2.33e-03 1.74e-02  9.27e+02    19s
  24   1.40679417e+10  1.42085820e+10  1.89e-03 1.15e-02  5.32e+02    19s
  25   1.40816841e+10  1.41630006e+10  1.22e-03 6.30e-03  3.07e+02    20s
  26   1.40903338e+10  1.41463411e+10  7.59e-04 4.44e-03  2.11e+02    20s
  27   1.40954888e+10  1.41376083e+10  1.10e-03 3.47e-03  1.59e+02    21s
  28   1.40978194e+10  1.41321375e+10  1.00e-03 2.87e-03  1.30e+02    21s
  29   1.41010643e+10  1.41282295e+10  8.37e-04 2.44e-03  1.03e+02    21s
  30   1.41028426e+10  1.41253113e+10  8.83e-04 2.12e-03  8.53e+01    22s
  31   1.41041174e+10  1.41116447e+10  9.20e-04 6.39e-04  2.85e+01    22s
  32   1.41048582e+10  1.41078873e+10  1.48e-03 2.35e-04  1.14e+01    23s
  33   1.41049751e+10  1.41070170e+10  1.50e-03 1.45e-04  7.68e+00    23s
  34   1.41052249e+10  1.41065445e+10  1.50e-03 9.75e-05  4.97e+00    24s
  35   1.41053669e+10  1.41060947e+10  1.41e-03 5.28e-05  2.74e+00    24s

Barrier solved model in 35 iterations and 24.22 seconds (4.56 work units)
Optimal objective 1.41053669e+10


Gurobi 12.0.1 (linux64) logging started Tue Feb 18 15:20:34 2025

Set parameter LogFile to value "solver_etrago.log"
Set parameter Threads to value 7
Gurobi Optimizer version 12.0.1 build v12.0.1rc0 (linux64 - "Ubuntu 24.04.1 LTS")

CPU model: Intel(R) Core(TM) i5-10210U CPU @ 1.60GHz, instruction set [SSE2|AVX|AVX2]
Thread count: 4 physical cores, 8 logical processors, using up to 7 threads

Non-default parameters:
FeasibilityTol  1e-05
Method  2
BarConvTol  1e-05
Crossover  0
Threads  7

Optimize a model with 296753 rows, 137327 columns and 655481 nonzeros
Model fingerprint: 0x5588af63
Coefficient statistics:
  Matrix range     [4e-01, 1e+05]
  Objective range  [3e-03, 1e+04]
  Bounds range     [1e+00, 4e+07]
  RHS range        [1e-25, 3e+08]
Presolve removed 28696 rows and 133349 columns
Presolve time: 1.50s
Presolved: 108631 rows, 181549 columns, 542873 nonzeros
Ordering time: 5.27s

Barrier statistics:
 Dense cols : 336
 Free vars  : 15
 AA' NZ     : 1.870e+06
 Factor NZ  : 7.925e+06 (roughly 180 MB of memory)
 Factor Ops : 3.091e+09 (less than 1 second per iteration)
 Threads    : 7

                  Objective                Residual
Iter       Primal          Dual         Primal    Dual     Compl     Time
   0  -2.29861160e+16  1.88998241e+14  1.25e+07 1.47e+07  9.93e+11     8s
   1  -7.36094799e+15  3.17614957e+14  3.87e+06 9.76e+06  5.96e+11     9s
   2  -2.98061583e+15  3.20470688e+14  1.44e+06 7.63e+06  4.54e+11     9s
   3  -1.13383699e+15  2.33665737e+14  4.77e+05 4.02e+06  2.39e+11     9s
   4  -6.96503423e+14  2.37230341e+14  2.71e+05 3.47e+06  2.04e+11    10s
   5  -3.57344839e+14  1.65455789e+14  1.09e+05 1.38e+06  8.37e+10    11s
   6  -7.97049469e+13  2.97476650e+13  1.16e+04 1.11e+05  6.98e+09    11s
   7  -3.17488723e+13  1.51308562e+13  1.23e+03 5.44e+04  3.37e+09    12s
   8  -1.75405224e+13  4.19868141e+12  1.18e+02 9.15e+03  6.13e+08    12s
   9  -8.72499135e+12  9.08165573e+11  1.86e+01 1.16e+03  9.82e+07    13s
  10  -4.41707341e+12  3.91096297e+11  7.03e+00 3.16e+02  3.29e+07    13s
  11  -1.76123480e+12  1.79702925e+11  1.95e+00 9.10e+01  1.06e+07    14s
  12  -6.31871784e+11  6.76006517e+10  5.63e-01 2.30e+01  3.17e+06    14s
  13  -1.24330324e+11  2.73213773e+10  8.57e-02 3.80e+00  6.11e+05    15s
  14  -1.46556973e+10  2.03229674e+10  1.61e-02 1.30e+00  1.37e+05    15s
  15   4.05826888e+09  1.73732489e+10  1.01e-02 5.68e-01  5.11e+04    16s
  16   8.68087261e+09  1.65406480e+10  1.36e-02 3.91e-01  3.00e+04    16s
  17   1.09270825e+10  1.54216293e+10  1.18e-02 1.81e-01  1.69e+04    17s
  18   1.20425896e+10  1.50603752e+10  9.38e-03 1.23e-01  1.13e+04    17s
  19   1.33053310e+10  1.47301714e+10  7.17e-03 7.56e-02  5.35e+03    18s
  20   1.37296832e+10  1.45367993e+10  4.55e-03 5.09e-02  3.04e+03    18s
  21   1.38580926e+10  1.44170723e+10  3.44e-03 3.61e-02  2.10e+03    19s
  22   1.39482355e+10  1.43320996e+10  2.93e-03 2.58e-02  1.44e+03    19s
  23   1.40143608e+10  1.42605039e+10  2.33e-03 1.74e-02  9.27e+02    19s
  24   1.40679417e+10  1.42085820e+10  1.89e-03 1.15e-02  5.32e+02    20s
  25   1.40816841e+10  1.41630006e+10  1.22e-03 6.30e-03  3.07e+02    21s
  26   1.40903338e+10  1.41463411e+10  7.59e-04 4.44e-03  2.11e+02    21s
  27   1.40954888e+10  1.41376083e+10  1.10e-03 3.47e-03  1.59e+02    21s
  28   1.40978194e+10  1.41321375e+10  1.00e-03 2.87e-03  1.30e+02    22s
  29   1.41010643e+10  1.41282295e+10  8.37e-04 2.44e-03  1.03e+02    23s
  30   1.41028426e+10  1.41253113e+10  8.83e-04 2.12e-03  8.53e+01    23s
  31   1.41041174e+10  1.41116447e+10  9.20e-04 6.39e-04  2.85e+01    24s
  32   1.41048582e+10  1.41078873e+10  1.48e-03 2.35e-04  1.14e+01    24s
  33   1.41049751e+10  1.41070170e+10  1.50e-03 1.45e-04  7.68e+00    25s
  34   1.41052249e+10  1.41065445e+10  1.50e-03 9.75e-05  4.97e+00    25s
  35   1.41053669e+10  1.41060947e+10  1.41e-03 5.28e-05  2.74e+00    26s

Barrier solved model in 35 iterations and 25.64 seconds (4.56 work units)
Optimal objective 1.41053669e+10


Gurobi 12.0.1 (linux64) logging started Tue Feb 18 15:26:08 2025

Set parameter LogFile to value "solver_etrago.log"
Set parameter Threads to value 7
Gurobi Optimizer version 12.0.1 build v12.0.1rc0 (linux64 - "Ubuntu 24.04.1 LTS")

CPU model: Intel(R) Core(TM) i5-10210U CPU @ 1.60GHz, instruction set [SSE2|AVX|AVX2]
Thread count: 4 physical cores, 8 logical processors, using up to 7 threads

Non-default parameters:
FeasibilityTol  1e-05
Method  2
BarConvTol  1e-05
Crossover  0
Threads  7

Optimize a model with 89164 rows, 42109 columns and 156506 nonzeros
Model fingerprint: 0x6f924218
Coefficient statistics:
  Matrix range     [1e-03, 8e+02]
  Objective range  [2e-05, 5e+04]
  Bounds range     [1e+08, 1e+08]
  RHS range        [9e-04, 3e+08]
Presolve removed 24000 rows and 62263 columns
Presolve time: 0.31s
Presolved: 18109 rows, 26902 columns, 84560 nonzeros
Ordering time: 0.93s

Barrier statistics:
 Dense cols : 34
 Free vars  : 186
 AA' NZ     : 2.600e+05
 Factor NZ  : 1.372e+06 (roughly 30 MB of memory)
 Factor Ops : 4.020e+08 (less than 1 second per iteration)
 Threads    : 7

                  Objective                Residual
Iter       Primal          Dual         Primal    Dual     Compl     Time
   0  -5.42028261e+16  1.27008127e+14  4.89e+07 2.57e+07  2.20e+13     2s
   1  -2.39053970e+16  3.85712215e+13  1.84e+07 1.60e+07  1.23e+13     2s
   2  -8.91777736e+15 -4.83217250e+14  5.78e+06 6.25e+06  4.91e+12     2s
   3  -6.60760918e+15 -2.34678060e+15  4.18e+06 4.37e+06  3.46e+12     2s
   4  -3.99822571e+15 -2.03265031e+15  2.34e+06 2.82e+06  2.23e+12     2s
   5  -1.61611708e+15 -6.79972501e+14  7.40e+05 1.09e+06  8.61e+11     2s
   6  -6.77007485e+14 -2.34432256e+14  2.30e+05 4.76e+05  3.71e+11     2s
   7  -4.68649116e+14 -1.33702549e+14  1.46e+05 3.32e+05  2.58e+11     2s
   8  -2.50729135e+14 -2.89342628e+13  4.40e+04 1.52e+05  1.19e+11     2s
   9  -1.72360011e+14  4.12949786e+12  1.83e+04 5.31e+04  4.35e+10     2s
  10  -1.12417343e+14  6.49754730e+12  7.49e+03 2.14e+04  1.81e+10     2s
  11  -5.53133317e+13  3.14054445e+12  1.54e+03 4.94e+03  4.61e+09     2s
  12  -3.52829472e+13  2.36323016e+12  6.95e+02 3.80e+03  3.17e+09     2s
  13  -2.06777550e+13  1.62175437e+12  2.77e+02 2.56e+03  1.93e+09     3s
  14  -8.08378988e+12  8.14116357e+11  2.83e+01 3.17e+02  3.62e+08     3s
  15  -2.96593475e+12  4.80936256e+11  6.95e+00 1.38e+02  1.33e+08     3s
  16  -9.17494932e+11  1.87315720e+11  1.69e+00 3.28e+01  3.48e+07     3s
  17  -4.03189743e+11  8.28326821e+10  6.40e-01 1.15e+01  1.38e+07     3s
  18  -6.45992009e+10  3.87708352e+10  9.39e-02 3.31e+00  2.85e+06     3s
  19  -8.18925220e+09  2.20879534e+10  2.35e-02 9.36e-01  7.96e+05     3s
  20   4.74943054e+09  1.78360371e+10  8.76e-03 4.13e-01  3.37e+05     3s
  21   9.40998853e+09  1.69865625e+10  3.78e-03 3.19e-01  1.97e+05     3s
  22   1.09094136e+10  1.53913966e+10  2.45e-03 1.34e-01  1.13e+05     3s
  23   1.15031244e+10  1.52532269e+10  1.97e-03 1.20e-01  9.46e+04     3s
  24   1.21247310e+10  1.49610812e+10  1.47e-03 8.85e-02  7.12e+04     3s
  25   1.26881910e+10  1.46626906e+10  1.22e-03 5.74e-02  4.92e+04     4s
  26   1.32951148e+10  1.44572786e+10  1.12e-03 3.71e-02  2.91e+04     4s
  27   1.35800044e+10  1.43004047e+10  2.47e-03 2.27e-02  1.80e+04     4s
  28   1.36748496e+10  1.41974428e+10  2.45e-03 1.37e-02  1.29e+04     4s
  29   1.37842179e+10  1.41465251e+10  1.93e-03 9.10e-03  8.91e+03     4s
  30   1.38624417e+10  1.41113437e+10  1.96e-03 6.01e-03  6.11e+03     4s
  31   1.39345949e+10  1.40870515e+10  2.14e-03 3.97e-03  3.75e+03     4s
  32   1.39682755e+10  1.40638001e+10  4.15e-03 2.07e-03  2.33e+03     4s
  33   1.39970516e+10  1.40538073e+10  2.12e-03 1.33e-03  1.39e+03     4s
  34   1.40042369e+10  1.40488052e+10  2.33e-03 9.92e-04  1.09e+03     5s
  35   1.40186548e+10  1.40430113e+10  7.82e-03 6.11e-04  5.98e+02     5s
  36   1.40249282e+10  1.40383937e+10  4.22e-03 3.26e-04  3.30e+02     5s
  37   1.40269054e+10  1.40362657e+10  3.11e-03 2.03e-04  2.28e+02     5s
  38   1.40288293e+10  1.40350235e+10  5.92e-02 1.33e-04  1.51e+02     5s
  39   1.40292108e+10  1.40347730e+10  3.30e-01 1.19e-04  1.36e+02     5s
  40   1.40307740e+10  1.40338529e+10  1.71e-01 6.86e-05  7.50e+01     6s
  41   1.40311163e+10  1.40337535e+10  1.84e-01 6.36e-05  6.44e+01     6s
  42   1.40313358e+10  1.40333779e+10  1.55e-01 4.43e-05  4.97e+01     6s
  43   1.40315480e+10  1.40332368e+10  1.38e-01 3.75e-05  4.11e+01     6s
  44   1.40319413e+10  1.40328936e+10  1.15e-01 2.01e-05  2.32e+01     6s

Barrier solved model in 44 iterations and 6.39 seconds (0.99 work units)
Optimal objective 1.40319413e+10


Gurobi 12.0.1 (linux64) logging started Tue Feb 18 15:26:38 2025

Set parameter LogFile to value "solver_etrago.log"
Set parameter Threads to value 7
Gurobi Optimizer version 12.0.1 build v12.0.1rc0 (linux64 - "Ubuntu 24.04.1 LTS")

CPU model: Intel(R) Core(TM) i5-10210U CPU @ 1.60GHz, instruction set [SSE2|AVX|AVX2]
Thread count: 4 physical cores, 8 logical processors, using up to 7 threads

Non-default parameters:
FeasibilityTol  1e-05
Method  2
BarConvTol  1e-05
Crossover  0
Threads  7

Optimize a model with 89164 rows, 42109 columns and 156506 nonzeros
Model fingerprint: 0xbde43c16
Coefficient statistics:
  Matrix range     [2e-03, 5e+02]
  Objective range  [2e-05, 5e+04]
  Bounds range     [1e+08, 1e+08]
  RHS range        [9e-04, 3e+08]
Presolve removed 24003 rows and 62394 columns
Presolve time: 0.30s
Presolved: 18106 rows, 26771 columns, 84405 nonzeros
Ordering time: 0.94s

Barrier statistics:
 Dense cols : 34
 Free vars  : 198
 AA' NZ     : 2.596e+05
 Factor NZ  : 1.388e+06 (roughly 30 MB of memory)
 Factor Ops : 4.249e+08 (less than 1 second per iteration)
 Threads    : 7

                  Objective                Residual
Iter       Primal          Dual         Primal    Dual     Compl     Time
   0  -1.27010151e+17  9.29322694e+13  1.24e+08 2.03e+07  5.01e+13     2s
   1  -7.67634246e+16  2.19328228e+14  7.11e+07 1.28e+07  3.14e+13     2s
   2  -2.23124171e+16  2.29649793e+14  1.64e+07 6.45e+06  1.52e+13     2s
   3  -5.09910395e+15  1.32900452e+14  2.39e+06 1.43e+06  3.38e+12     2s
   4  -1.62302519e+15  2.46510314e+14  4.55e+05 3.84e+05  9.09e+11     2s
   5  -8.87818431e+14  1.90394321e+14  1.71e+05 1.20e+05  2.97e+11     2s
   6  -3.92272335e+14  8.31688341e+13  3.07e+04 2.89e+04  7.29e+10     2s
   7  -2.73999743e+14  3.83312688e+13  1.48e+04 9.54e+03  2.72e+10     2s
   8  -1.40734949e+14  1.67888024e+13  4.94e+03 3.28e+03  9.77e+09     2s
   9  -5.35222464e+13  4.87239727e+12  1.02e+03 6.28e+02  2.36e+09     2s
  10  -5.04996798e+13  3.96797119e+12  9.49e+02 5.13e+02  2.07e+09     3s
  11  -1.41245800e+13  2.36141484e+12  1.67e+02 2.07e+02  6.26e+08     3s
  12  -4.49926376e+12  1.18189323e+12  4.03e+01 9.35e+01  2.12e+08     3s
  13  -1.48728419e+12  3.19396250e+11  9.38e+00 1.84e+01  5.37e+07     3s
  14  -2.15881850e+11  6.86540467e+10  7.28e-01 9.39e-01  7.00e+06     3s
  15  -1.80276952e+10  2.42271210e+10  7.61e-02 7.96e-02  1.00e+06     3s
  16   2.08473181e+09  1.89362412e+10  2.72e-02 3.75e-02  3.99e+05     3s
  17   8.41961642e+09  1.68047583e+10  1.22e-02 2.10e-02  1.98e+05     3s
  18   1.05846416e+10  1.57226205e+10  7.00e-03 1.26e-02  1.21e+05     3s
  19   1.20025939e+10  1.52391164e+10  4.05e-03 8.95e-03  7.64e+04     3s
  20   1.25892365e+10  1.48714844e+10  2.83e-03 6.22e-03  5.39e+04     3s
  21   1.29736085e+10  1.47778564e+10  2.05e-03 5.50e-03  4.26e+04     3s
  22   1.31968422e+10  1.46602320e+10  1.59e-03 4.58e-03  3.46e+04     3s
  23   1.33196734e+10  1.45398090e+10  1.51e-03 3.74e-03  2.88e+04     3s
  24   1.35184366e+10  1.44021614e+10  1.55e-03 2.74e-03  2.09e+04     4s
  25   1.35879312e+10  1.43646114e+10  1.76e-03 2.47e-03  1.83e+04     4s
  26   1.37334230e+10  1.42328755e+10  1.54e-03 1.51e-03  1.18e+04     4s
  27   1.38217195e+10  1.41978215e+10  1.58e-03 1.25e-03  8.88e+03     4s
  28   1.39053111e+10  1.41269825e+10  1.11e-03 7.38e-04  5.23e+03     4s
  29   1.39445636e+10  1.40993338e+10  8.41e-04 5.36e-04  3.65e+03     4s
  30   1.39661112e+10  1.40823973e+10  6.63e-04 4.12e-04  2.75e+03     4s
  31   1.39860165e+10  1.40644570e+10  4.28e-04 3.49e-04  1.85e+03     4s
  32   1.40029679e+10  1.40511233e+10  3.38e-04 3.00e-04  1.14e+03     4s
  33   1.40104175e+10  1.40397233e+10  6.45e-04 2.17e-04  6.93e+02     4s
  34   1.40141298e+10  1.40361891e+10  3.74e-04 1.74e-04  5.22e+02     4s
  35   1.40163936e+10  1.40306802e+10  1.94e-04 1.10e-04  3.38e+02     4s
  36   1.40181678e+10  1.40270868e+10  1.23e-04 6.89e-05  2.11e+02     5s
  37   1.40191658e+10  1.40251357e+10  8.19e-05 4.48e-05  1.41e+02     5s
  38   1.40197493e+10  1.40245395e+10  5.90e-05 3.74e-05  1.13e+02     5s
  39   1.40202451e+10  1.40231757e+10  3.97e-05 2.09e-05  6.93e+01     5s
  40   1.40208414e+10  1.40225926e+10  2.24e-05 1.40e-05  4.14e+01     5s
  41   1.40209798e+10  1.40221995e+10  2.80e-05 9.35e-06  2.88e+01     5s

Barrier solved model in 41 iterations and 4.97 seconds (0.87 work units)
Optimal objective 1.40209798e+10


Gurobi 12.0.1 (linux64) logging started Tue Feb 18 15:27:05 2025

Set parameter LogFile to value "solver_etrago.log"
Set parameter Threads to value 7
Gurobi Optimizer version 12.0.1 build v12.0.1rc0 (linux64 - "Ubuntu 24.04.1 LTS")

CPU model: Intel(R) Core(TM) i5-10210U CPU @ 1.60GHz, instruction set [SSE2|AVX|AVX2]
Thread count: 4 physical cores, 8 logical processors, using up to 7 threads

Non-default parameters:
FeasibilityTol  1e-05
Method  2
BarConvTol  1e-05
Crossover  0
Threads  7

Optimize a model with 89164 rows, 42109 columns and 156506 nonzeros
Model fingerprint: 0x1768afc6
Coefficient statistics:
  Matrix range     [2e-03, 5e+02]
  Objective range  [2e-05, 5e+04]
  Bounds range     [1e+08, 1e+08]
  RHS range        [9e-04, 3e+08]
Presolve removed 24003 rows and 62394 columns
Presolve time: 0.26s
Presolved: 18106 rows, 26771 columns, 84405 nonzeros
Ordering time: 0.93s

Barrier statistics:
 Dense cols : 34
 Free vars  : 198
 AA' NZ     : 2.596e+05
 Factor NZ  : 1.388e+06 (roughly 30 MB of memory)
 Factor Ops : 4.249e+08 (less than 1 second per iteration)
 Threads    : 7

                  Objective                Residual
Iter       Primal          Dual         Primal    Dual     Compl     Time
   0  -1.25526680e+17  9.26798756e+13  1.24e+08 2.02e+07  4.99e+13     2s
   1  -7.59179594e+16  2.30894658e+14  7.11e+07 1.27e+07  3.12e+13     2s
   2  -2.18016800e+16  2.17487236e+14  1.61e+07 6.31e+06  1.50e+13     2s
   3  -5.37793220e+15  1.46007257e+14  2.68e+06 1.37e+06  3.32e+12     2s
   4  -1.54652216e+15  2.61971946e+14  4.41e+05 3.73e+05  8.93e+11     2s
   5  -8.14250495e+14  1.91484174e+14  1.47e+05 1.11e+05  2.75e+11     2s
   6  -3.89997326e+14  8.91430233e+13  3.04e+04 2.78e+04  7.14e+10     2s
   7  -2.74063775e+14  2.77520637e+13  1.52e+04 5.57e+03  1.90e+10     2s
   8  -1.12214396e+14  1.12217088e+13  3.72e+03 1.72e+03  5.99e+09     2s
   9  -5.04853589e+13  6.61185913e+12  1.16e+03 9.30e+02  2.73e+09     2s
  10  -3.85485470e+13  3.26271825e+12  8.06e+02 4.45e+02  1.61e+09     2s
  11  -6.00319744e+12  1.37020074e+12  3.82e+01 7.63e+01  2.48e+08     2s
  12  -2.32244170e+12  4.87270703e+11  1.17e+01 2.27e+01  8.17e+07     3s
  13  -9.58683973e+11  2.11340283e+11  4.58e+00 7.50e+00  3.10e+07     3s
  14  -3.23814678e+11  9.23188371e+10  1.36e+00 2.71e+00  1.06e+07     3s
  15  -6.91771734e+10  4.88181875e+10  3.11e-01 1.05e+00  2.96e+06     3s
  16  -1.50348108e+10  2.32940462e+10  9.86e-02 2.39e-01  9.28e+05     3s
  17   4.30873106e+09  1.84392800e+10  3.10e-02 1.10e-01  3.40e+05     3s
  18   8.06102562e+09  1.68255255e+10  1.84e-02 6.91e-02  2.10e+05     3s
  19   1.02372277e+10  1.59618037e+10  1.14e-02 4.63e-02  1.37e+05     3s
  20   1.18057853e+10  1.53259075e+10  6.62e-03 3.00e-02  8.41e+04     3s
  21   1.23614043e+10  1.51132128e+10  4.92e-03 2.48e-02  6.58e+04     3s
  22   1.27198077e+10  1.49715119e+10  3.83e-03 2.14e-02  5.38e+04     4s
  23   1.30151676e+10  1.48473328e+10  2.93e-03 1.84e-02  4.38e+04     4s
  24   1.34244170e+10  1.45994975e+10  1.68e-03 1.27e-02  2.81e+04     4s
  25   1.36959322e+10  1.42731550e+10  2.37e-03 5.17e-03  1.38e+04     4s
  26   1.38117499e+10  1.41700393e+10  2.04e-03 2.99e-03  8.53e+03     4s
  27   1.38669548e+10  1.41317539e+10  1.63e-03 2.13e-03  6.30e+03     4s
  28   1.39292394e+10  1.40990872e+10  1.11e-03 1.46e-03  4.04e+03     4s
  29   1.39783955e+10  1.40733285e+10  6.46e-04 9.38e-04  2.26e+03     4s
  30   1.39997491e+10  1.40521279e+10  3.25e-04 5.30e-04  1.25e+03     4s
  31   1.40098252e+10  1.40428401e+10  4.40e-04 3.61e-04  7.89e+02     4s
  32   1.40139351e+10  1.40382673e+10  2.64e-04 2.88e-04  5.82e+02     5s
  33   1.40154173e+10  1.40359422e+10  4.09e-04 2.49e-04  4.91e+02     5s
  34   1.40180311e+10  1.40303174e+10  4.25e-04 1.73e-04  2.94e+02     5s
  35   1.40190174e+10  1.40282291e+10  3.01e-04 1.27e-04  2.20e+02     5s
  36   1.40198380e+10  1.40273950e+10  2.16e-04 1.10e-04  1.81e+02     5s
  37   1.40208001e+10  1.40242957e+10  1.54e-04 4.58e-05  8.34e+01     5s
  38   1.40215199e+10  1.40238705e+10  8.28e-05 3.54e-05  5.62e+01     5s
  39   1.40217803e+10  1.40234068e+10  5.40e-05 2.42e-05  3.89e+01     6s
  40   1.40219002e+10  1.40229981e+10  4.20e-05 1.45e-05  2.62e+01     6s

Barrier solved model in 40 iterations and 5.70 seconds (0.84 work units)
Optimal objective 1.40219002e+10


Gurobi 12.0.1 (linux64) logging started Tue Feb 18 15:27:37 2025

Set parameter LogFile to value "solver_etrago.log"
Set parameter Threads to value 7
Gurobi Optimizer version 12.0.1 build v12.0.1rc0 (linux64 - "Ubuntu 24.04.1 LTS")

CPU model: Intel(R) Core(TM) i5-10210U CPU @ 1.60GHz, instruction set [SSE2|AVX|AVX2]
Thread count: 4 physical cores, 8 logical processors, using up to 7 threads

Non-default parameters:
FeasibilityTol  1e-05
Method  2
BarConvTol  1e-05
Crossover  0
Threads  7

Optimize a model with 89164 rows, 42109 columns and 156506 nonzeros
Model fingerprint: 0xc04ea8d5
Coefficient statistics:
  Matrix range     [2e-03, 5e+02]
  Objective range  [2e-05, 5e+04]
  Bounds range     [1e+08, 1e+08]
  RHS range        [9e-04, 3e+08]
Presolve removed 24000 rows and 62394 columns
Presolve time: 0.36s
Presolved: 18109 rows, 26771 columns, 84409 nonzeros
Ordering time: 1.00s

Barrier statistics:
 Dense cols : 34
 Free vars  : 183
 AA' NZ     : 2.598e+05
 Factor NZ  : 1.311e+06 (roughly 30 MB of memory)
 Factor Ops : 3.628e+08 (less than 1 second per iteration)
 Threads    : 7

                  Objective                Residual
Iter       Primal          Dual         Primal    Dual     Compl     Time
   0  -5.42107248e+16  1.53404619e+14  4.90e+07 3.01e+07  2.56e+13     2s
   1  -3.28388237e+16  1.41532830e+13  2.80e+07 1.93e+07  1.63e+13     2s
   2  -1.06053235e+16 -1.39648181e+14  7.26e+06 1.11e+07  8.90e+12     2s
   3  -9.29633791e+15 -3.16551912e+15  6.26e+06 5.90e+06  5.00e+12     2s
   4  -7.05679224e+15 -5.34671685e+14  4.51e+06 4.91e+06  4.16e+12     2s
   5  -4.57406924e+15 -1.53292721e+15  2.70e+06 2.93e+06  2.50e+12     2s
   6  -2.13904073e+15 -4.85253009e+14  1.03e+06 1.16e+06  1.00e+12     3s
   7  -1.56670622e+15 -3.20896276e+14  7.02e+05 8.76e+05  7.52e+11     3s
   8  -8.20031875e+14 -1.64854275e+14  3.18e+05 5.58e+05  4.65e+11     3s
   9  -5.47112192e+14 -3.80177577e+13  1.73e+05 2.92e+05  2.50e+11     3s
  10  -2.13770796e+14  2.90216839e+13  2.77e+04 1.12e+05  9.43e+10     3s
  11  -1.67548876e+14  2.20859181e+13  1.62e+04 5.32e+04  4.63e+10     3s
  12  -1.17785248e+14  1.09626490e+13  7.65e+03 1.46e+04  1.43e+10     3s
  13  -6.61954898e+13  4.62108340e+12  2.28e+03 3.13e+03  3.91e+09     3s
  14  -3.33084347e+13  3.07474154e+12  7.72e+02 1.99e+03  2.08e+09     3s
  15  -3.01656254e+13  2.63518994e+12  6.79e+02 1.61e+03  1.74e+09     3s
  16  -9.83081912e+12  1.35989637e+12  8.71e+01 3.03e+02  4.16e+08     4s
  17  -2.45642236e+12  4.74960348e+11  1.33e+01 5.25e+01  8.84e+07     4s
  18  -7.45638585e+11  1.67550168e+11  3.54e+00 1.00e+01  2.40e+07     4s
  19  -4.37216197e+11  8.31251080e+10  1.94e+00 3.88e+00  1.30e+07     4s
  20  -9.43157603e+10  3.20917139e+10  4.34e-01 5.43e-01  3.04e+06     4s
  21  -4.69160682e+09  1.86180375e+10  6.76e-02 9.51e-02  5.55e+05     4s
  22   8.81589707e+09  1.62546475e+10  1.72e-02 4.27e-02  1.77e+05     4s
  23   1.09425544e+10  1.57386525e+10  9.49e-03 3.23e-02  1.14e+05     5s
  24   1.19838871e+10  1.52106870e+10  6.15e-03 2.19e-02  7.69e+04     5s
  25   1.24665566e+10  1.49176711e+10  4.66e-03 1.62e-02  5.84e+04     5s
  26   1.29950548e+10  1.47210529e+10  3.05e-03 1.24e-02  4.11e+04     5s
  27   1.31995714e+10  1.45090837e+10  2.43e-03 8.45e-03  3.12e+04     5s
  28   1.34987606e+10  1.43889419e+10  4.68e-03 6.28e-03  2.12e+04     5s
  29   1.36795901e+10  1.42608107e+10  4.36e-03 4.03e-03  1.38e+04     5s
  30   1.37717869e+10  1.41783901e+10  6.53e-03 2.55e-03  9.67e+03     5s
  31   1.38117342e+10  1.41488970e+10  5.55e-03 2.03e-03  8.01e+03     5s
  32   1.38808799e+10  1.41119147e+10  7.41e-03 1.39e-03  5.49e+03     5s
  33   1.39428031e+10  1.40830995e+10  9.02e-03 9.29e-04  3.34e+03     5s
  34   1.39788843e+10  1.40540085e+10  4.64e-03 4.45e-04  1.78e+03     6s
  35   1.40020764e+10  1.40442170e+10  2.17e-03 2.93e-04  1.00e+03     6s
  36   1.40071620e+10  1.40377189e+10  1.63e-03 2.00e-04  7.27e+02     6s
  37   1.40141964e+10  1.40346718e+10  8.94e-04 1.57e-04  4.88e+02     6s
  38   1.40166575e+10  1.40320085e+10  7.05e-04 1.20e-04  3.66e+02     6s
  39   1.40190456e+10  1.40281740e+10  5.42e-04 6.82e-05  2.17e+02     6s
  40   1.40203196e+10  1.40269647e+10  9.56e-02 5.26e-05  1.58e+02     7s
  41   1.40212499e+10  1.40264045e+10  6.30e-02 4.54e-05  1.23e+02     7s
  42   1.40213256e+10  1.40262001e+10  1.19e-01 4.27e-05  1.17e+02     7s
  43   1.40214004e+10  1.40261285e+10  1.16e-01 4.17e-05  1.13e+02     7s
  44   1.40214603e+10  1.40259089e+10  2.07e-01 3.88e-05  1.06e+02     7s

Barrier solved model in 44 iterations and 7.45 seconds (1.00 work units)
Optimal objective 1.40214603e+10


Gurobi 12.0.1 (linux64) logging started Tue Feb 18 16:39:39 2025

Set parameter LogFile to value "solver_etrago.log"
Set parameter Threads to value 7
Gurobi Optimizer version 12.0.1 build v12.0.1rc0 (linux64 - "Ubuntu 24.04.1 LTS")

CPU model: Intel(R) Core(TM) i5-10210U CPU @ 1.60GHz, instruction set [SSE2|AVX|AVX2]
Thread count: 4 physical cores, 8 logical processors, using up to 7 threads

Non-default parameters:
FeasibilityTol  1e-05
Method  2
BarConvTol  1e-05
Crossover  0
Threads  7

Optimize a model with 296753 rows, 137327 columns and 655481 nonzeros
Model fingerprint: 0x5588af63
Coefficient statistics:
  Matrix range     [4e-01, 1e+05]
  Objective range  [3e-03, 1e+04]
  Bounds range     [1e+00, 4e+07]
  RHS range        [1e-25, 3e+08]
Presolve removed 28696 rows and 133349 columns
Presolve time: 2.16s
Presolved: 108631 rows, 181549 columns, 542873 nonzeros
Ordering time: 6.64s

Barrier statistics:
 Dense cols : 336
 Free vars  : 15
 AA' NZ     : 1.870e+06
 Factor NZ  : 7.925e+06 (roughly 180 MB of memory)
 Factor Ops : 3.091e+09 (less than 1 second per iteration)
 Threads    : 7

                  Objective                Residual
Iter       Primal          Dual         Primal    Dual     Compl     Time
   0  -2.29861160e+16  1.88998241e+14  1.25e+07 1.47e+07  9.93e+11    11s
   1  -7.36094799e+15  3.17614957e+14  3.87e+06 9.76e+06  5.96e+11    12s
   2  -2.98061583e+15  3.20470688e+14  1.44e+06 7.63e+06  4.54e+11    12s
   3  -1.13383699e+15  2.33665737e+14  4.77e+05 4.02e+06  2.39e+11    13s
   4  -6.96503423e+14  2.37230341e+14  2.71e+05 3.47e+06  2.04e+11    14s
   5  -3.57344839e+14  1.65455789e+14  1.09e+05 1.38e+06  8.37e+10    14s
   6  -7.97049469e+13  2.97476650e+13  1.16e+04 1.11e+05  6.98e+09    15s
   7  -3.17488723e+13  1.51308562e+13  1.23e+03 5.44e+04  3.37e+09    16s
   8  -1.75405224e+13  4.19868141e+12  1.18e+02 9.15e+03  6.13e+08    16s
   9  -8.72499135e+12  9.08165573e+11  1.86e+01 1.16e+03  9.82e+07    17s
  10  -4.41707341e+12  3.91096297e+11  7.03e+00 3.16e+02  3.29e+07    18s
  11  -1.76123480e+12  1.79702925e+11  1.95e+00 9.10e+01  1.06e+07    18s
  12  -6.31871784e+11  6.76006517e+10  5.63e-01 2.30e+01  3.17e+06    19s
  13  -1.24330324e+11  2.73213773e+10  8.57e-02 3.80e+00  6.11e+05    20s
  14  -1.46556973e+10  2.03229674e+10  1.61e-02 1.30e+00  1.37e+05    21s
  15   4.05826888e+09  1.73732489e+10  1.01e-02 5.68e-01  5.11e+04    22s
  16   8.68087261e+09  1.65406480e+10  1.36e-02 3.91e-01  3.00e+04    23s
  17   1.09270825e+10  1.54216293e+10  1.18e-02 1.81e-01  1.69e+04    23s
  18   1.20425896e+10  1.50603752e+10  9.38e-03 1.23e-01  1.13e+04    24s
  19   1.33053310e+10  1.47301714e+10  7.17e-03 7.56e-02  5.35e+03    26s
  20   1.37296832e+10  1.45367993e+10  4.55e-03 5.09e-02  3.04e+03    26s
  21   1.38580926e+10  1.44170723e+10  3.44e-03 3.61e-02  2.10e+03    27s
  22   1.39482355e+10  1.43320996e+10  2.93e-03 2.58e-02  1.44e+03    28s
  23   1.40143608e+10  1.42605039e+10  2.33e-03 1.74e-02  9.27e+02    29s
  24   1.40679417e+10  1.42085820e+10  1.89e-03 1.15e-02  5.32e+02    30s
  25   1.40816841e+10  1.41630006e+10  1.22e-03 6.30e-03  3.07e+02    31s
  26   1.40903338e+10  1.41463411e+10  7.59e-04 4.44e-03  2.11e+02    32s
  27   1.40954888e+10  1.41376083e+10  1.10e-03 3.47e-03  1.59e+02    32s
  28   1.40978194e+10  1.41321375e+10  1.00e-03 2.87e-03  1.30e+02    33s
  29   1.41010643e+10  1.41282295e+10  8.37e-04 2.44e-03  1.03e+02    34s
  30   1.41028426e+10  1.41253113e+10  8.83e-04 2.12e-03  8.53e+01    35s
  31   1.41041174e+10  1.41116447e+10  9.20e-04 6.39e-04  2.85e+01    36s
  32   1.41048582e+10  1.41078873e+10  1.48e-03 2.35e-04  1.14e+01    36s
  33   1.41049751e+10  1.41070170e+10  1.50e-03 1.45e-04  7.68e+00    37s
  34   1.41052249e+10  1.41065445e+10  1.50e-03 9.75e-05  4.97e+00    38s
  35   1.41053669e+10  1.41060947e+10  1.41e-03 5.28e-05  2.74e+00    38s

Barrier solved model in 35 iterations and 38.32 seconds (4.56 work units)
Optimal objective 1.41053669e+10


Gurobi 12.0.1 (linux64) logging started Tue Feb 18 16:44:52 2025

Set parameter LogFile to value "solver_etrago.log"
Set parameter Threads to value 7
Gurobi Optimizer version 12.0.1 build v12.0.1rc0 (linux64 - "Ubuntu 24.04.1 LTS")

CPU model: Intel(R) Core(TM) i5-10210U CPU @ 1.60GHz, instruction set [SSE2|AVX|AVX2]
Thread count: 4 physical cores, 8 logical processors, using up to 7 threads

Non-default parameters:
FeasibilityTol  1e-05
Method  2
BarConvTol  1e-05
Crossover  0
Threads  7

Optimize a model with 89164 rows, 42109 columns and 156506 nonzeros
Model fingerprint: 0x2a7d64f4
Coefficient statistics:
  Matrix range     [1e-03, 8e+02]
  Objective range  [2e-05, 5e+04]
  Bounds range     [1e+08, 1e+08]
  RHS range        [9e-04, 3e+08]
Presolve removed 24000 rows and 62263 columns
Presolve time: 0.27s
Presolved: 18109 rows, 26902 columns, 84560 nonzeros
Ordering time: 0.88s

Barrier statistics:
 Dense cols : 34
 Free vars  : 186
 AA' NZ     : 2.600e+05
 Factor NZ  : 1.372e+06 (roughly 30 MB of memory)
 Factor Ops : 4.020e+08 (less than 1 second per iteration)
 Threads    : 7

                  Objective                Residual
Iter       Primal          Dual         Primal    Dual     Compl     Time
   0  -5.42028261e+16  1.27008127e+14  4.89e+07 2.57e+07  2.20e+13     1s
   1  -2.39053970e+16  3.85712215e+13  1.84e+07 1.60e+07  1.23e+13     2s
   2  -8.91777736e+15 -4.83217250e+14  5.78e+06 6.25e+06  4.91e+12     2s
   3  -6.60760918e+15 -2.34678060e+15  4.18e+06 4.37e+06  3.46e+12     2s
   4  -3.99822571e+15 -2.03265031e+15  2.34e+06 2.82e+06  2.23e+12     2s
   5  -1.61611708e+15 -6.79972501e+14  7.40e+05 1.09e+06  8.61e+11     2s
   6  -6.77007485e+14 -2.34432256e+14  2.30e+05 4.76e+05  3.71e+11     2s
   7  -4.68649116e+14 -1.33702549e+14  1.46e+05 3.32e+05  2.58e+11     2s
   8  -2.50729135e+14 -2.89342628e+13  4.40e+04 1.52e+05  1.19e+11     2s
   9  -1.72360011e+14  4.12949773e+12  1.83e+04 5.31e+04  4.35e+10     2s
  10  -1.12417345e+14  6.49754786e+12  7.49e+03 2.14e+04  1.81e+10     2s
  11  -5.53133319e+13  3.14054471e+12  1.54e+03 4.94e+03  4.61e+09     2s
  12  -3.52829421e+13  2.36322992e+12  6.95e+02 3.80e+03  3.17e+09     2s
  13  -2.06777530e+13  1.62175484e+12  2.77e+02 2.56e+03  1.93e+09     3s
  14  -8.08379059e+12  8.14116787e+11  2.83e+01 3.17e+02  3.62e+08     3s
  15  -2.96593746e+12  4.80936764e+11  6.95e+00 1.38e+02  1.33e+08     3s
  16  -9.17496398e+11  1.87315917e+11  1.69e+00 3.28e+01  3.48e+07     3s
  17  -4.03190393e+11  8.28322529e+10  6.40e-01 1.15e+01  1.38e+07     3s
  18  -6.45992221e+10  3.87705737e+10  9.38e-02 3.31e+00  2.85e+06     3s
  19  -8.18923949e+09  2.20879252e+10  2.35e-02 9.36e-01  7.96e+05     3s
  20   4.74948249e+09  1.78360220e+10  8.76e-03 4.13e-01  3.37e+05     3s
  21   9.40999550e+09  1.69865558e+10  3.78e-03 3.19e-01  1.97e+05     3s
  22   1.09094074e+10  1.53913917e+10  2.45e-03 1.34e-01  1.13e+05     3s
  23   1.15031221e+10  1.52532212e+10  1.97e-03 1.20e-01  9.46e+04     3s
  24   1.21247497e+10  1.49610787e+10  1.47e-03 8.85e-02  7.12e+04     4s
  25   1.26881611e+10  1.46627026e+10  1.22e-03 5.74e-02  4.92e+04     4s
  26   1.32952081e+10  1.44572712e+10  1.12e-03 3.71e-02  2.91e+04     4s
  27   1.35800644e+10  1.43005095e+10  1.37e-03 2.28e-02  1.80e+04     4s
  28   1.36748937e+10  1.41974901e+10  2.06e-03 1.37e-02  1.29e+04     4s
  29   1.37842427e+10  1.41465568e+10  1.62e-03 9.11e-03  8.91e+03     4s
  30   1.38625380e+10  1.41113603e+10  3.21e-03 6.01e-03  6.11e+03     4s
  31   1.39345946e+10  1.40870424e+10  2.77e-03 3.97e-03  3.75e+03     4s
  32   1.39682646e+10  1.40638077e+10  1.42e-02 2.07e-03  2.33e+03     4s
  33   1.39970576e+10  1.40538122e+10  5.01e-03 1.33e-03  1.39e+03     4s
  34   1.40041938e+10  1.40488025e+10  4.07e-03 9.92e-04  1.09e+03     4s
  35   1.40169292e+10  1.40435566e+10  2.52e-03 6.48e-04  6.53e+02     5s
  36   1.40239059e+10  1.40395499e+10  2.93e-03 4.00e-04  3.84e+02     5s
  37   1.40265666e+10  1.40372423e+10  2.32e-03 2.64e-04  2.62e+02     5s
  38   1.40275855e+10  1.40361681e+10  7.44e-02 2.02e-04  2.10e+02     5s
  39   1.40287687e+10  1.40352773e+10  1.55e-01 1.52e-04  1.59e+02     5s
  40   1.40302007e+10  1.40345454e+10  9.30e-02 1.11e-04  1.07e+02     5s
  41   1.40302034e+10  1.40344441e+10  8.63e-02 1.05e-04  1.04e+02     5s
  42   1.40311633e+10  1.40337778e+10  7.73e-02 6.87e-05  6.43e+01     6s
  43   1.40312397e+10  1.40336268e+10  7.18e-02 6.07e-05  5.87e+01     6s
  44   1.40316623e+10  1.40331899e+10  1.58e-01 3.75e-05  3.75e+01     6s
  45   1.40318247e+10  1.40330471e+10  1.52e-01 3.02e-05  3.00e+01     6s

Barrier solved model in 45 iterations and 6.27 seconds (1.03 work units)
Optimal objective 1.40318247e+10


Gurobi 12.0.1 (linux64) logging started Tue Feb 18 16:45:22 2025

Set parameter LogFile to value "solver_etrago.log"
Set parameter Threads to value 7
Gurobi Optimizer version 12.0.1 build v12.0.1rc0 (linux64 - "Ubuntu 24.04.1 LTS")

CPU model: Intel(R) Core(TM) i5-10210U CPU @ 1.60GHz, instruction set [SSE2|AVX|AVX2]
Thread count: 4 physical cores, 8 logical processors, using up to 7 threads

Non-default parameters:
FeasibilityTol  1e-05
Method  2
BarConvTol  1e-05
Crossover  0
Threads  7

Optimize a model with 89164 rows, 42109 columns and 156506 nonzeros
Model fingerprint: 0xfdb22923
Coefficient statistics:
  Matrix range     [2e-03, 5e+02]
  Objective range  [2e-05, 5e+04]
  Bounds range     [1e+08, 1e+08]
  RHS range        [9e-04, 3e+08]
Presolve removed 24003 rows and 62394 columns
Presolve time: 0.27s
Presolved: 18106 rows, 26771 columns, 84405 nonzeros
Ordering time: 0.92s

Barrier statistics:
 Dense cols : 34
 Free vars  : 198
 AA' NZ     : 2.596e+05
 Factor NZ  : 1.388e+06 (roughly 30 MB of memory)
 Factor Ops : 4.249e+08 (less than 1 second per iteration)
 Threads    : 7

                  Objective                Residual
Iter       Primal          Dual         Primal    Dual     Compl     Time
   0  -1.27010268e+17  9.29322686e+13  1.24e+08 2.03e+07  5.01e+13     2s
   1  -7.67633776e+16  2.18859031e+14  7.11e+07 1.28e+07  3.14e+13     2s
   2  -2.23121898e+16  2.29387991e+14  1.64e+07 6.45e+06  1.52e+13     2s
   3  -5.09222353e+15  1.32771463e+14  2.38e+06 1.43e+06  3.38e+12     2s
   4  -1.62327176e+15  2.46403029e+14  4.55e+05 3.84e+05  9.09e+11     2s
   5  -8.87893887e+14  1.90264947e+14  1.71e+05 1.20e+05  2.96e+11     2s
   6  -3.91927975e+14  8.30707100e+13  3.07e+04 2.88e+04  7.27e+10     2s
   7  -2.73795564e+14  3.83317954e+13  1.48e+04 9.52e+03  2.71e+10     2s
   8  -1.40647356e+14  1.68100276e+13  4.93e+03 3.28e+03  9.77e+09     2s
   9  -5.35085777e+13  4.88045179e+12  1.02e+03 6.29e+02  2.36e+09     2s
  10  -5.04944128e+13  3.97708992e+12  9.48e+02 5.15e+02  2.07e+09     2s
  11  -1.41431885e+13  2.36619342e+12  1.66e+02 2.09e+02  6.28e+08     2s
  12  -4.50837173e+12  1.18068956e+12  4.03e+01 9.36e+01  2.12e+08     2s
  13  -1.49485093e+12  3.19202744e+11  9.43e+00 1.84e+01  5.39e+07     3s
  14  -2.16115935e+11  6.88908812e+10  7.31e-01 9.48e-01  7.01e+06     3s
  15  -1.89503470e+10  2.42132334e+10  7.93e-02 8.07e-02  1.02e+06     3s
  16   1.69597116e+09  1.89422069e+10  2.86e-02 3.80e-02  4.08e+05     3s
  17   8.41363859e+09  1.67612472e+10  1.24e-02 2.10e-02  1.97e+05     3s
  18   1.04342758e+10  1.56900842e+10  7.47e-03 1.26e-02  1.24e+05     3s
  19   1.19458827e+10  1.52113193e+10  4.27e-03 8.82e-03  7.71e+04     3s
  20   1.25757253e+10  1.48475835e+10  2.93e-03 6.08e-03  5.36e+04     3s
  21   1.29477753e+10  1.47605840e+10  2.16e-03 5.40e-03  4.28e+04     3s
  22   1.32314760e+10  1.46704476e+10  1.56e-03 4.69e-03  3.40e+04     3s
  23   1.33219915e+10  1.44913653e+10  1.40e-03 3.38e-03  2.76e+04     4s
  24   1.35100539e+10  1.43264598e+10  1.47e-03 2.25e-03  1.93e+04     4s
  25   1.37121539e+10  1.42296733e+10  1.36e-03 1.56e-03  1.22e+04     4s
  26   1.37990920e+10  1.41732997e+10  1.19e-03 1.12e-03  8.83e+03     4s
  27   1.38791948e+10  1.41373280e+10  9.54e-04 8.44e-04  6.09e+03     4s
  28   1.39308699e+10  1.41126631e+10  7.34e-04 6.52e-04  4.29e+03     4s
  29   1.39649491e+10  1.40969030e+10  5.58e-04 5.33e-04  3.12e+03     4s
  30   1.39837676e+10  1.40671357e+10  3.79e-04 3.67e-04  1.97e+03     4s
  31   1.40039286e+10  1.40471463e+10  5.07e-04 2.92e-04  1.02e+03     4s
  32   1.40093151e+10  1.40382528e+10  3.23e-04 2.24e-04  6.84e+02     5s
  33   1.40132944e+10  1.40334776e+10  2.11e-04 1.58e-04  4.77e+02     5s
  34   1.40156872e+10  1.40304156e+10  1.46e-04 1.17e-04  3.48e+02     5s
  35   1.40171444e+10  1.40281591e+10  1.06e-04 8.86e-05  2.60e+02     5s
  36   1.40188613e+10  1.40255874e+10  5.07e-05 5.55e-05  1.59e+02     5s
  37   1.40192216e+10  1.40247780e+10  4.29e-05 4.49e-05  1.31e+02     5s
  38   1.40200624e+10  1.40238955e+10  2.56e-05 3.33e-05  9.07e+01     5s
  39   1.40205744e+10  1.40230597e+10  1.93e-05 2.29e-05  5.88e+01     5s
  40   1.40208463e+10  1.40224055e+10  2.60e-05 1.41e-05  3.69e+01     6s
  41   1.40209461e+10  1.40222754e+10  2.83e-05 1.24e-05  3.15e+01     6s
  42   1.40210464e+10  1.40218993e+10  3.10e-05 7.33e-06  2.02e+01     6s

Barrier solved model in 42 iterations and 5.86 seconds (0.90 work units)
Optimal objective 1.40210464e+10


Gurobi 12.0.1 (linux64) logging started Tue Feb 18 16:45:53 2025

Set parameter LogFile to value "solver_etrago.log"
Set parameter Threads to value 7
Gurobi Optimizer version 12.0.1 build v12.0.1rc0 (linux64 - "Ubuntu 24.04.1 LTS")

CPU model: Intel(R) Core(TM) i5-10210U CPU @ 1.60GHz, instruction set [SSE2|AVX|AVX2]
Thread count: 4 physical cores, 8 logical processors, using up to 7 threads

Non-default parameters:
FeasibilityTol  1e-05
Method  2
BarConvTol  1e-05
Crossover  0
Threads  7

Optimize a model with 89164 rows, 42109 columns and 156506 nonzeros
Model fingerprint: 0x6abd05a5
Coefficient statistics:
  Matrix range     [2e-03, 5e+02]
  Objective range  [2e-05, 5e+04]
  Bounds range     [1e+08, 1e+08]
  RHS range        [9e-04, 3e+08]
Presolve removed 24000 rows and 62394 columns
Presolve time: 0.27s
Presolved: 18109 rows, 26771 columns, 84409 nonzeros
Ordering time: 0.91s

Barrier statistics:
 Dense cols : 34
 Free vars  : 183
 AA' NZ     : 2.598e+05
 Factor NZ  : 1.311e+06 (roughly 30 MB of memory)
 Factor Ops : 3.628e+08 (less than 1 second per iteration)
 Threads    : 7

                  Objective                Residual
Iter       Primal          Dual         Primal    Dual     Compl     Time
   0  -5.41554365e+16  1.53606017e+14  4.90e+07 3.00e+07  2.56e+13     2s
   1  -3.28104321e+16 -2.33441439e+12  2.80e+07 1.93e+07  1.63e+13     2s
   2  -1.06418596e+16 -1.57272864e+14  7.29e+06 1.11e+07  9.00e+12     2s
   3  -9.40811068e+15 -2.33398863e+15  6.36e+06 5.31e+06  4.63e+12     2s
   4  -8.25395829e+15 -7.21072026e+14  5.47e+06 4.55e+06  3.97e+12     2s
   5  -6.51332666e+15 -2.18325632e+15  4.17e+06 3.61e+06  3.16e+12     2s
   6  -2.44714021e+15 -1.46421881e+15  1.25e+06 2.22e+06  1.84e+12     2s
   7  -1.14041306e+15 -3.86083684e+14  4.54e+05 8.07e+05  6.82e+11     2s
   8  -6.30363769e+14 -1.77753811e+14  2.18e+05 4.83e+05  4.06e+11     2s
   9  -3.58385314e+14  4.21645235e+12  7.54e+04 1.69e+05  1.50e+11     2s
  10  -2.02693428e+14  2.61849665e+13  2.42e+04 4.17e+04  4.02e+10     2s
  11  -1.32823203e+14  1.43717538e+13  1.11e+04 1.16e+04  1.30e+10     2s
  12  -6.72788381e+13  4.91031279e+12  3.20e+03 1.96e+03  3.19e+09     2s
  13  -3.45296449e+13  3.68245228e+12  1.27e+03 1.37e+03  1.77e+09     3s
  14  -1.04618054e+13  2.05122229e+12  2.17e+02 3.41e+02  4.69e+08     3s
  15  -6.52921029e+12  1.08346578e+12  1.26e+02 1.61e+02  2.51e+08     3s
  16  -1.92142397e+12  3.62427170e+11  2.64e+01 2.91e+01  6.36e+07     3s
  17  -4.64531787e+11  1.11120849e+11  5.89e+00 3.01e+00  1.42e+07     3s
  18  -7.48885292e+10  3.88301744e+10  7.13e-01 4.76e-01  2.73e+06     3s
  19  -1.19438703e+10  2.02205575e+10  1.96e-01 8.36e-02  7.62e+05     3s
  20   1.61749640e+09  1.70571881e+10  9.12e-02 3.90e-02  3.65e+05     3s
  21   9.20909629e+09  1.59888844e+10  3.41e-02 2.47e-02  1.61e+05     3s
  22   1.12662464e+10  1.51527030e+10  1.90e-02 1.30e-02  9.19e+04     3s
  23   1.21538235e+10  1.48211235e+10  1.28e-02 8.84e-03  6.31e+04     3s
  24   1.23072563e+10  1.47683035e+10  1.17e-02 8.19e-03  5.82e+04     3s
  25   1.26792056e+10  1.46490106e+10  9.17e-03 6.71e-03  4.66e+04     4s
  26   1.31727779e+10  1.44971958e+10  5.74e-03 4.92e-03  3.13e+04     4s
  27   1.34060991e+10  1.44173978e+10  4.78e-03 4.06e-03  2.39e+04     4s
  28   1.36232954e+10  1.42791010e+10  3.33e-03 2.60e-03  1.55e+04     4s
  29   1.37832914e+10  1.41944815e+10  7.30e-03 1.72e-03  9.73e+03     4s
  30   1.38604629e+10  1.41408119e+10  9.67e-03 1.16e-03  6.64e+03     4s
  31   1.39092640e+10  1.41128892e+10  6.81e-03 8.72e-04  4.82e+03     4s
  32   1.39507021e+10  1.40874411e+10  4.57e-03 6.12e-04  3.24e+03     4s
  33   1.39869366e+10  1.40543014e+10  3.08e-03 2.81e-04  1.59e+03     4s
  34   1.40045375e+10  1.40426218e+10  1.05e-03 1.72e-04  9.02e+02     5s
  35   1.40083770e+10  1.40383507e+10  9.11e-04 1.34e-04  7.10e+02     5s
  36   1.40132670e+10  1.40360340e+10  1.42e-03 1.14e-04  5.40e+02     5s
  37   1.40164507e+10  1.40300100e+10  1.56e-03 6.33e-05  3.21e+02     5s
  38   1.40190111e+10  1.40275103e+10  8.53e-04 4.24e-05  2.02e+02     5s
  39   1.40199236e+10  1.40270195e+10  9.16e-02 3.82e-05  1.68e+02     5s
  40   1.40199220e+10  1.40270166e+10  9.16e-02 3.82e-05  1.68e+02     5s
  41   1.40201713e+10  1.40263928e+10  1.61e-01 3.30e-05  1.47e+02     6s
  42   1.40204050e+10  1.40257501e+10  3.96e-01 1.88e-05  1.26e+02     6s
  43   1.40207409e+10  1.40250857e+10  6.38e-01 1.48e-05  1.02e+02     6s
  44   1.40210831e+10  1.40240584e+10  4.40e-01 1.18e-05  6.94e+01     6s
  45   1.40215675e+10  1.40237713e+10  3.36e-01 1.19e-05  5.11e+01     6s
  46   1.40218327e+10  1.40235533e+10  3.36e-01 1.38e-05  3.97e+01     6s
  47   1.40220239e+10  1.40230980e+10  7.87e-01 1.11e-05  2.46e+01     6s

Barrier solved model in 47 iterations and 6.39 seconds (1.07 work units)
Optimal objective 1.40220239e+10


Gurobi 12.0.1 (linux64) logging started Tue Feb 18 16:46:22 2025

Set parameter LogFile to value "solver_etrago.log"
Set parameter Threads to value 7
Gurobi Optimizer version 12.0.1 build v12.0.1rc0 (linux64 - "Ubuntu 24.04.1 LTS")

CPU model: Intel(R) Core(TM) i5-10210U CPU @ 1.60GHz, instruction set [SSE2|AVX|AVX2]
Thread count: 4 physical cores, 8 logical processors, using up to 7 threads

Non-default parameters:
FeasibilityTol  1e-05
Method  2
BarConvTol  1e-05
Crossover  0
Threads  7

Optimize a model with 89164 rows, 42109 columns and 156506 nonzeros
Model fingerprint: 0xc3d36bf2
Coefficient statistics:
  Matrix range     [2e-03, 5e+02]
  Objective range  [2e-05, 5e+04]
  Bounds range     [1e+08, 1e+08]
  RHS range        [9e-04, 3e+08]
Presolve removed 24000 rows and 62394 columns
Presolve time: 0.29s
Presolved: 18109 rows, 26771 columns, 84409 nonzeros
Ordering time: 0.88s

Barrier statistics:
 Dense cols : 34
 Free vars  : 183
 AA' NZ     : 2.598e+05
 Factor NZ  : 1.311e+06 (roughly 30 MB of memory)
 Factor Ops : 3.628e+08 (less than 1 second per iteration)
 Threads    : 7

                  Objective                Residual
Iter       Primal          Dual         Primal    Dual     Compl     Time
   0  -5.42102491e+16  1.53416893e+14  4.90e+07 3.01e+07  2.56e+13     1s
   1  -3.28383555e+16  1.69999341e+13  2.80e+07 1.93e+07  1.63e+13     2s
   2  -1.06047239e+16 -1.37865570e+14  7.26e+06 1.11e+07  8.90e+12     2s
   3  -9.29940123e+15 -3.16622113e+15  6.26e+06 5.90e+06  5.00e+12     2s
   4  -7.06067371e+15 -5.21086919e+14  4.51e+06 4.91e+06  4.16e+12     2s
   5  -4.70798109e+15 -1.49127447e+15  2.80e+06 2.97e+06  2.54e+12     2s
   6  -2.23599257e+15 -5.15430477e+14  1.10e+06 1.26e+06  1.09e+12     2s
   7  -8.56224289e+14 -1.40925078e+14  2.88e+05 5.96e+05  4.97e+11     2s
   8  -5.49876955e+14 -6.16205685e+13  1.72e+05 4.23e+05  3.54e+11     2s
   9  -2.42894130e+14  2.56865740e+13  2.97e+04 1.59e+05  1.32e+11     2s
  10  -1.89978449e+14  2.28385650e+13  1.64e+04 5.40e+04  4.80e+10     2s
  11  -1.12490555e+14  1.19775957e+13  5.00e+03 1.30e+04  1.29e+10     2s
  12  -6.26682914e+13  4.22770095e+12  1.45e+03 2.64e+03  3.43e+09     2s
  13  -3.94254390e+13  2.82466080e+12  7.36e+02 1.64e+03  2.03e+09     3s
  14  -2.21232706e+13  2.45284984e+12  3.27e+02 1.40e+03  1.36e+09     3s
  15  -8.58020958e+12  1.13923580e+12  8.78e+01 2.82e+02  3.63e+08     3s
  16  -3.85441878e+12  5.54587901e+11  3.11e+01 9.84e+01  1.43e+08     3s
  17  -9.58301031e+11  1.73797686e+11  5.46e+00 1.36e+01  3.04e+07     3s
  18  -2.08421823e+11  6.85506767e+10  8.34e-01 3.06e+00  7.04e+06     3s
  19  -3.73880987e+10  2.94042983e+10  1.60e-01 4.79e-01  1.62e+06     3s
  20  -4.68209463e+09  1.92624882e+10  5.58e-02 1.42e-01  5.73e+05     3s
  21   7.82761430e+09  1.65344494e+10  1.77e-02 6.50e-02  2.08e+05     3s
  22   1.01666107e+10  1.56431915e+10  1.05e-02 4.10e-02  1.31e+05     3s
  23   1.13513792e+10  1.49926759e+10  7.19e-03 2.34e-02  8.67e+04     3s
  24   1.18881045e+10  1.48604265e+10  5.73e-03 1.97e-02  7.08e+04     3s
  25   1.23464873e+10  1.47238573e+10  4.49e-03 1.62e-02  5.66e+04     4s
  26   1.25888046e+10  1.44870893e+10  3.84e-03 9.92e-03  4.51e+04     4s
  27   1.30740299e+10  1.43600023e+10  2.54e-03 6.70e-03  3.05e+04     4s
  28   1.33829117e+10  1.42515119e+10  6.81e-03 4.18e-03  2.06e+04     4s
  29   1.36171311e+10  1.41970673e+10  9.58e-03 3.06e-03  1.38e+04     4s
  30   1.37014786e+10  1.41575429e+10  8.65e-03 2.30e-03  1.08e+04     4s
  31   1.37949284e+10  1.41199878e+10  4.22e-03 1.59e-03  7.71e+03     4s
  32   1.38900966e+10  1.40882606e+10  7.80e-03 1.00e-03  4.70e+03     4s
  33   1.39391122e+10  1.40709828e+10  4.84e-03 7.07e-04  3.13e+03     4s
  34   1.39675046e+10  1.40516268e+10  3.19e-03 3.97e-04  1.99e+03     4s
  35   1.39930290e+10  1.40443423e+10  1.75e-03 2.86e-04  1.22e+03     4s
  36   1.40039156e+10  1.40380140e+10  1.93e-03 1.95e-04  8.10e+02     5s
  37   1.40120676e+10  1.40317932e+10  1.03e-03 1.09e-04  4.68e+02     5s
  38   1.40152042e+10  1.40297681e+10  1.03e-03 8.27e-05  3.46e+02     5s
  39   1.40168782e+10  1.40281529e+10  8.09e-04 6.19e-05  2.68e+02     5s
  40   1.40187048e+10  1.40272371e+10  2.79e-03 5.02e-05  2.03e+02     5s
  41   1.40190663e+10  1.40265818e+10  7.54e-02 4.21e-05  1.78e+02     5s
  42   1.40194607e+10  1.40259586e+10  1.07e-01 3.45e-05  1.54e+02     5s
  43   1.40214636e+10  1.40244667e+10  2.31e-01 1.58e-05  7.10e+01     6s
  44   1.40218577e+10  1.40240980e+10  3.48e-01 1.15e-05  5.34e+01     6s
  45   1.40221826e+10  1.40237305e+10  2.55e-01 1.36e-05  3.68e+01     6s
  46   1.40221969e+10  1.40237042e+10  2.47e-01 1.31e-05  3.56e+01     6s
  47   1.40222866e+10  1.40236380e+10  2.19e-01 1.39e-05  3.21e+01     6s
  48   1.40225088e+10  1.40234106e+10  5.86e-01 1.59e-05  2.13e+01     6s

Barrier solved model in 48 iterations and 6.06 seconds (1.08 work units)
Optimal objective 1.40225088e+10


Gurobi 12.0.1 (linux64) logging started Wed Feb 19 13:39:22 2025

Set parameter LogFile to value "solver_etrago.log"
Set parameter Threads to value 7
Gurobi Optimizer version 12.0.1 build v12.0.1rc0 (linux64 - "Ubuntu 24.04.1 LTS")

CPU model: Intel(R) Core(TM) i5-10210U CPU @ 1.60GHz, instruction set [SSE2|AVX|AVX2]
Thread count: 4 physical cores, 8 logical processors, using up to 7 threads

Non-default parameters:
FeasibilityTol  1e-05
Method  2
BarConvTol  1e-05
Crossover  0
Threads  7

Optimize a model with 296753 rows, 137327 columns and 655481 nonzeros
Model fingerprint: 0x5588af63
Coefficient statistics:
  Matrix range     [4e-01, 1e+05]
  Objective range  [3e-03, 1e+04]
  Bounds range     [1e+00, 4e+07]
  RHS range        [1e-25, 3e+08]
Presolve removed 28696 rows and 133349 columns
Presolve time: 1.60s
Presolved: 108631 rows, 181549 columns, 542873 nonzeros
Ordering time: 5.42s

Barrier statistics:
 Dense cols : 336
 Free vars  : 15
 AA' NZ     : 1.870e+06
 Factor NZ  : 7.925e+06 (roughly 180 MB of memory)
 Factor Ops : 3.091e+09 (less than 1 second per iteration)
 Threads    : 7

                  Objective                Residual
Iter       Primal          Dual         Primal    Dual     Compl     Time
   0  -2.29861160e+16  1.88998241e+14  1.25e+07 1.47e+07  9.93e+11     9s
   1  -7.36094799e+15  3.17614957e+14  3.87e+06 9.76e+06  5.96e+11     9s
   2  -2.98061583e+15  3.20470688e+14  1.44e+06 7.63e+06  4.54e+11    10s
   3  -1.13383699e+15  2.33665737e+14  4.77e+05 4.02e+06  2.39e+11    10s
   4  -6.96503423e+14  2.37230341e+14  2.71e+05 3.47e+06  2.04e+11    11s
   5  -3.57344839e+14  1.65455789e+14  1.09e+05 1.38e+06  8.37e+10    11s
   6  -7.97049469e+13  2.97476650e+13  1.16e+04 1.11e+05  6.98e+09    12s
   7  -3.17488723e+13  1.51308562e+13  1.23e+03 5.44e+04  3.37e+09    12s
   8  -1.75405224e+13  4.19868141e+12  1.18e+02 9.15e+03  6.13e+08    13s
   9  -8.72499135e+12  9.08165573e+11  1.86e+01 1.16e+03  9.82e+07    13s
  10  -4.41707341e+12  3.91096297e+11  7.03e+00 3.16e+02  3.29e+07    13s
  11  -1.76123480e+12  1.79702925e+11  1.95e+00 9.10e+01  1.06e+07    14s
  12  -6.31871784e+11  6.76006517e+10  5.63e-01 2.30e+01  3.17e+06    14s
  13  -1.24330324e+11  2.73213773e+10  8.57e-02 3.80e+00  6.11e+05    15s
  14  -1.46556973e+10  2.03229674e+10  1.61e-02 1.30e+00  1.37e+05    15s
  15   4.05826888e+09  1.73732489e+10  1.01e-02 5.68e-01  5.11e+04    16s
  16   8.68087261e+09  1.65406480e+10  1.36e-02 3.91e-01  3.00e+04    16s
  17   1.09270825e+10  1.54216293e+10  1.18e-02 1.81e-01  1.69e+04    17s
  18   1.20425896e+10  1.50603752e+10  9.38e-03 1.23e-01  1.13e+04    17s
  19   1.33053310e+10  1.47301714e+10  7.17e-03 7.56e-02  5.35e+03    18s
  20   1.37296832e+10  1.45367993e+10  4.55e-03 5.09e-02  3.04e+03    19s
  21   1.38580926e+10  1.44170723e+10  3.44e-03 3.61e-02  2.10e+03    19s
  22   1.39482355e+10  1.43320996e+10  2.93e-03 2.58e-02  1.44e+03    20s
  23   1.40143608e+10  1.42605039e+10  2.33e-03 1.74e-02  9.27e+02    20s
  24   1.40679417e+10  1.42085820e+10  1.89e-03 1.15e-02  5.32e+02    21s
  25   1.40816841e+10  1.41630006e+10  1.22e-03 6.30e-03  3.07e+02    21s
  26   1.40903338e+10  1.41463411e+10  7.59e-04 4.44e-03  2.11e+02    22s
  27   1.40954888e+10  1.41376083e+10  1.10e-03 3.47e-03  1.59e+02    22s
  28   1.40978194e+10  1.41321375e+10  1.00e-03 2.87e-03  1.30e+02    23s
  29   1.41010643e+10  1.41282295e+10  8.37e-04 2.44e-03  1.03e+02    23s
  30   1.41028426e+10  1.41253113e+10  8.83e-04 2.12e-03  8.53e+01    23s
  31   1.41041174e+10  1.41116447e+10  9.20e-04 6.39e-04  2.85e+01    24s
  32   1.41048582e+10  1.41078873e+10  1.48e-03 2.35e-04  1.14e+01    25s
  33   1.41049751e+10  1.41070170e+10  1.50e-03 1.45e-04  7.68e+00    25s
  34   1.41052249e+10  1.41065445e+10  1.50e-03 9.75e-05  4.97e+00    26s
  35   1.41053669e+10  1.41060947e+10  1.41e-03 5.28e-05  2.74e+00    26s

Barrier solved model in 35 iterations and 25.99 seconds (4.56 work units)
Optimal objective 1.41053669e+10


Gurobi 12.0.1 (linux64) logging started Wed Feb 19 13:44:28 2025

Set parameter LogFile to value "solver_etrago.log"
Set parameter Threads to value 7
Gurobi Optimizer version 12.0.1 build v12.0.1rc0 (linux64 - "Ubuntu 24.04.1 LTS")

CPU model: Intel(R) Core(TM) i5-10210U CPU @ 1.60GHz, instruction set [SSE2|AVX|AVX2]
Thread count: 4 physical cores, 8 logical processors, using up to 7 threads

Non-default parameters:
FeasibilityTol  1e-05
Method  2
BarConvTol  1e-05
Crossover  0
Threads  7

Optimize a model with 89164 rows, 42109 columns and 156506 nonzeros
Model fingerprint: 0x2a7d64f4
Coefficient statistics:
  Matrix range     [1e-03, 8e+02]
  Objective range  [2e-05, 5e+04]
  Bounds range     [1e+08, 1e+08]
  RHS range        [9e-04, 3e+08]
Presolve removed 24000 rows and 62263 columns
Presolve time: 0.33s
Presolved: 18109 rows, 26902 columns, 84560 nonzeros
Ordering time: 0.95s

Barrier statistics:
 Dense cols : 34
 Free vars  : 186
 AA' NZ     : 2.600e+05
 Factor NZ  : 1.372e+06 (roughly 30 MB of memory)
 Factor Ops : 4.020e+08 (less than 1 second per iteration)
 Threads    : 7

                  Objective                Residual
Iter       Primal          Dual         Primal    Dual     Compl     Time
   0  -5.42028261e+16  1.27008127e+14  4.89e+07 2.57e+07  2.20e+13     2s
   1  -2.39053970e+16  3.85712215e+13  1.84e+07 1.60e+07  1.23e+13     2s
   2  -8.91777736e+15 -4.83217250e+14  5.78e+06 6.25e+06  4.91e+12     2s
   3  -6.60760918e+15 -2.34678060e+15  4.18e+06 4.37e+06  3.46e+12     2s
   4  -3.99822571e+15 -2.03265031e+15  2.34e+06 2.82e+06  2.23e+12     2s
   5  -1.61611708e+15 -6.79972501e+14  7.40e+05 1.09e+06  8.61e+11     2s
   6  -6.77007485e+14 -2.34432256e+14  2.30e+05 4.76e+05  3.71e+11     2s
   7  -4.68649116e+14 -1.33702549e+14  1.46e+05 3.32e+05  2.58e+11     2s
   8  -2.50729135e+14 -2.89342628e+13  4.40e+04 1.52e+05  1.19e+11     2s
   9  -1.72360011e+14  4.12949773e+12  1.83e+04 5.31e+04  4.35e+10     2s
  10  -1.12417345e+14  6.49754786e+12  7.49e+03 2.14e+04  1.81e+10     2s
  11  -5.53133319e+13  3.14054471e+12  1.54e+03 4.94e+03  4.61e+09     3s
  12  -3.52829421e+13  2.36322992e+12  6.95e+02 3.80e+03  3.17e+09     3s
  13  -2.06777530e+13  1.62175484e+12  2.77e+02 2.56e+03  1.93e+09     3s
  14  -8.08379059e+12  8.14116787e+11  2.83e+01 3.17e+02  3.62e+08     3s
  15  -2.96593746e+12  4.80936764e+11  6.95e+00 1.38e+02  1.33e+08     3s
  16  -9.17496398e+11  1.87315917e+11  1.69e+00 3.28e+01  3.48e+07     3s
  17  -4.03190393e+11  8.28322529e+10  6.40e-01 1.15e+01  1.38e+07     3s
  18  -6.45992221e+10  3.87705737e+10  9.38e-02 3.31e+00  2.85e+06     3s
  19  -8.18923949e+09  2.20879252e+10  2.35e-02 9.36e-01  7.96e+05     3s
  20   4.74948249e+09  1.78360220e+10  8.76e-03 4.13e-01  3.37e+05     3s
  21   9.40999550e+09  1.69865558e+10  3.78e-03 3.19e-01  1.97e+05     3s
  22   1.09094074e+10  1.53913917e+10  2.45e-03 1.34e-01  1.13e+05     4s
  23   1.15031221e+10  1.52532212e+10  1.97e-03 1.20e-01  9.46e+04     4s
  24   1.21247497e+10  1.49610787e+10  1.47e-03 8.85e-02  7.12e+04     4s
  25   1.26881611e+10  1.46627026e+10  1.22e-03 5.74e-02  4.92e+04     4s
  26   1.32952081e+10  1.44572712e+10  1.12e-03 3.71e-02  2.91e+04     4s
  27   1.35800644e+10  1.43005095e+10  1.37e-03 2.28e-02  1.80e+04     4s
  28   1.36748937e+10  1.41974901e+10  2.06e-03 1.37e-02  1.29e+04     4s
  29   1.37842427e+10  1.41465568e+10  1.62e-03 9.11e-03  8.91e+03     4s
  30   1.38625380e+10  1.41113603e+10  3.21e-03 6.01e-03  6.11e+03     4s
  31   1.39345946e+10  1.40870424e+10  2.77e-03 3.97e-03  3.75e+03     4s
  32   1.39682646e+10  1.40638077e+10  1.42e-02 2.07e-03  2.33e+03     4s
  33   1.39970576e+10  1.40538122e+10  5.01e-03 1.33e-03  1.39e+03     5s
  34   1.40041938e+10  1.40488025e+10  4.07e-03 9.92e-04  1.09e+03     5s
  35   1.40169292e+10  1.40435566e+10  2.52e-03 6.48e-04  6.53e+02     5s
  36   1.40239059e+10  1.40395499e+10  2.93e-03 4.00e-04  3.84e+02     5s
  37   1.40265666e+10  1.40372423e+10  2.32e-03 2.64e-04  2.62e+02     5s
  38   1.40275855e+10  1.40361681e+10  7.44e-02 2.02e-04  2.10e+02     5s
  39   1.40287687e+10  1.40352773e+10  1.55e-01 1.52e-04  1.59e+02     5s
  40   1.40302007e+10  1.40345454e+10  9.30e-02 1.11e-04  1.07e+02     5s
  41   1.40302034e+10  1.40344441e+10  8.63e-02 1.05e-04  1.04e+02     5s
  42   1.40311633e+10  1.40337778e+10  7.73e-02 6.87e-05  6.43e+01     6s
  43   1.40312397e+10  1.40336268e+10  7.18e-02 6.07e-05  5.87e+01     6s
  44   1.40316623e+10  1.40331899e+10  1.58e-01 3.75e-05  3.75e+01     6s
  45   1.40318247e+10  1.40330471e+10  1.52e-01 3.02e-05  3.00e+01     6s

Barrier solved model in 45 iterations and 6.12 seconds (1.03 work units)
Optimal objective 1.40318247e+10


Gurobi 12.0.1 (linux64) logging started Wed Feb 19 13:44:58 2025

Set parameter LogFile to value "solver_etrago.log"
Set parameter Threads to value 7
Gurobi Optimizer version 12.0.1 build v12.0.1rc0 (linux64 - "Ubuntu 24.04.1 LTS")

CPU model: Intel(R) Core(TM) i5-10210U CPU @ 1.60GHz, instruction set [SSE2|AVX|AVX2]
Thread count: 4 physical cores, 8 logical processors, using up to 7 threads

Non-default parameters:
FeasibilityTol  1e-05
Method  2
BarConvTol  1e-05
Crossover  0
Threads  7

Optimize a model with 89164 rows, 42109 columns and 156506 nonzeros
Model fingerprint: 0xfdb22923
Coefficient statistics:
  Matrix range     [2e-03, 5e+02]
  Objective range  [2e-05, 5e+04]
  Bounds range     [1e+08, 1e+08]
  RHS range        [9e-04, 3e+08]
Presolve removed 24003 rows and 62394 columns
Presolve time: 0.31s
Presolved: 18106 rows, 26771 columns, 84405 nonzeros
Ordering time: 0.97s

Barrier statistics:
 Dense cols : 34
 Free vars  : 198
 AA' NZ     : 2.596e+05
 Factor NZ  : 1.388e+06 (roughly 30 MB of memory)
 Factor Ops : 4.249e+08 (less than 1 second per iteration)
 Threads    : 7

                  Objective                Residual
Iter       Primal          Dual         Primal    Dual     Compl     Time
   0  -1.27010268e+17  9.29322686e+13  1.24e+08 2.03e+07  5.01e+13     2s
   1  -7.67633776e+16  2.18859031e+14  7.11e+07 1.28e+07  3.14e+13     2s
   2  -2.23121898e+16  2.29387991e+14  1.64e+07 6.45e+06  1.52e+13     2s
   3  -5.09222353e+15  1.32771463e+14  2.38e+06 1.43e+06  3.38e+12     2s
   4  -1.62327176e+15  2.46403029e+14  4.55e+05 3.84e+05  9.09e+11     2s
   5  -8.87893887e+14  1.90264947e+14  1.71e+05 1.20e+05  2.96e+11     2s
   6  -3.91927975e+14  8.30707100e+13  3.07e+04 2.88e+04  7.27e+10     2s
   7  -2.73795564e+14  3.83317954e+13  1.48e+04 9.52e+03  2.71e+10     2s
   8  -1.40647356e+14  1.68100276e+13  4.93e+03 3.28e+03  9.77e+09     2s
   9  -5.35085777e+13  4.88045179e+12  1.02e+03 6.29e+02  2.36e+09     2s
  10  -5.04944128e+13  3.97708992e+12  9.48e+02 5.15e+02  2.07e+09     2s
  11  -1.41431885e+13  2.36619342e+12  1.66e+02 2.09e+02  6.28e+08     3s
  12  -4.50837173e+12  1.18068956e+12  4.03e+01 9.36e+01  2.12e+08     3s
  13  -1.49485093e+12  3.19202744e+11  9.43e+00 1.84e+01  5.39e+07     3s
  14  -2.16115935e+11  6.88908812e+10  7.31e-01 9.48e-01  7.01e+06     3s
  15  -1.89503470e+10  2.42132334e+10  7.93e-02 8.07e-02  1.02e+06     3s
  16   1.69597116e+09  1.89422069e+10  2.86e-02 3.80e-02  4.08e+05     3s
  17   8.41363859e+09  1.67612472e+10  1.24e-02 2.10e-02  1.97e+05     3s
  18   1.04342758e+10  1.56900842e+10  7.47e-03 1.26e-02  1.24e+05     3s
  19   1.19458827e+10  1.52113193e+10  4.27e-03 8.82e-03  7.71e+04     3s
  20   1.25757253e+10  1.48475835e+10  2.93e-03 6.08e-03  5.36e+04     3s
  21   1.29477753e+10  1.47605840e+10  2.16e-03 5.40e-03  4.28e+04     3s
  22   1.32314760e+10  1.46704476e+10  1.56e-03 4.69e-03  3.40e+04     3s
  23   1.33219915e+10  1.44913653e+10  1.40e-03 3.38e-03  2.76e+04     4s
  24   1.35100539e+10  1.43264598e+10  1.47e-03 2.25e-03  1.93e+04     4s
  25   1.37121539e+10  1.42296733e+10  1.36e-03 1.56e-03  1.22e+04     4s
  26   1.37990920e+10  1.41732997e+10  1.19e-03 1.12e-03  8.83e+03     4s
  27   1.38791948e+10  1.41373280e+10  9.54e-04 8.44e-04  6.09e+03     4s
  28   1.39308699e+10  1.41126631e+10  7.34e-04 6.52e-04  4.29e+03     4s
  29   1.39649491e+10  1.40969030e+10  5.58e-04 5.33e-04  3.12e+03     4s
  30   1.39837676e+10  1.40671357e+10  3.79e-04 3.67e-04  1.97e+03     4s
  31   1.40039286e+10  1.40471463e+10  5.07e-04 2.92e-04  1.02e+03     4s
  32   1.40093151e+10  1.40382528e+10  3.23e-04 2.24e-04  6.84e+02     4s
  33   1.40132944e+10  1.40334776e+10  2.11e-04 1.58e-04  4.77e+02     5s
  34   1.40156872e+10  1.40304156e+10  1.46e-04 1.17e-04  3.48e+02     5s
  35   1.40171444e+10  1.40281591e+10  1.06e-04 8.86e-05  2.60e+02     5s
  36   1.40188613e+10  1.40255874e+10  5.07e-05 5.55e-05  1.59e+02     5s
  37   1.40192216e+10  1.40247780e+10  4.29e-05 4.49e-05  1.31e+02     5s
  38   1.40200624e+10  1.40238955e+10  2.56e-05 3.33e-05  9.07e+01     5s
  39   1.40205744e+10  1.40230597e+10  1.93e-05 2.29e-05  5.88e+01     5s
  40   1.40208463e+10  1.40224055e+10  2.60e-05 1.41e-05  3.69e+01     5s
  41   1.40209461e+10  1.40222754e+10  2.83e-05 1.24e-05  3.15e+01     6s
  42   1.40210464e+10  1.40218993e+10  3.10e-05 7.33e-06  2.02e+01     6s

Barrier solved model in 42 iterations and 5.72 seconds (0.90 work units)
Optimal objective 1.40210464e+10


Gurobi 12.0.1 (linux64) logging started Wed Feb 19 13:45:29 2025

Set parameter LogFile to value "solver_etrago.log"
Set parameter Threads to value 7
Gurobi Optimizer version 12.0.1 build v12.0.1rc0 (linux64 - "Ubuntu 24.04.1 LTS")

CPU model: Intel(R) Core(TM) i5-10210U CPU @ 1.60GHz, instruction set [SSE2|AVX|AVX2]
Thread count: 4 physical cores, 8 logical processors, using up to 7 threads

Non-default parameters:
FeasibilityTol  1e-05
Method  2
BarConvTol  1e-05
Crossover  0
Threads  7

Optimize a model with 89164 rows, 42109 columns and 156506 nonzeros
Model fingerprint: 0x6abd05a5
Coefficient statistics:
  Matrix range     [2e-03, 5e+02]
  Objective range  [2e-05, 5e+04]
  Bounds range     [1e+08, 1e+08]
  RHS range        [9e-04, 3e+08]
Presolve removed 24000 rows and 62394 columns
Presolve time: 0.32s
Presolved: 18109 rows, 26771 columns, 84409 nonzeros
Ordering time: 0.92s

Barrier statistics:
 Dense cols : 34
 Free vars  : 183
 AA' NZ     : 2.598e+05
 Factor NZ  : 1.311e+06 (roughly 30 MB of memory)
 Factor Ops : 3.628e+08 (less than 1 second per iteration)
 Threads    : 7

                  Objective                Residual
Iter       Primal          Dual         Primal    Dual     Compl     Time
   0  -5.41554365e+16  1.53606017e+14  4.90e+07 3.00e+07  2.56e+13     2s
   1  -3.28104321e+16 -2.33441439e+12  2.80e+07 1.93e+07  1.63e+13     2s
   2  -1.06418596e+16 -1.57272864e+14  7.29e+06 1.11e+07  9.00e+12     2s
   3  -9.40811068e+15 -2.33398863e+15  6.36e+06 5.31e+06  4.63e+12     2s
   4  -8.25395829e+15 -7.21072026e+14  5.47e+06 4.55e+06  3.97e+12     2s
   5  -6.51332666e+15 -2.18325632e+15  4.17e+06 3.61e+06  3.16e+12     2s
   6  -2.44714021e+15 -1.46421881e+15  1.25e+06 2.22e+06  1.84e+12     2s
   7  -1.14041306e+15 -3.86083684e+14  4.54e+05 8.07e+05  6.82e+11     2s
   8  -6.30363769e+14 -1.77753811e+14  2.18e+05 4.83e+05  4.06e+11     2s
   9  -3.58385314e+14  4.21645235e+12  7.54e+04 1.69e+05  1.50e+11     3s
  10  -2.02693428e+14  2.61849665e+13  2.42e+04 4.17e+04  4.02e+10     3s
  11  -1.32823203e+14  1.43717538e+13  1.11e+04 1.16e+04  1.30e+10     3s
  12  -6.72788381e+13  4.91031279e+12  3.20e+03 1.96e+03  3.19e+09     3s
  13  -3.45296449e+13  3.68245228e+12  1.27e+03 1.37e+03  1.77e+09     3s
  14  -1.04618054e+13  2.05122229e+12  2.17e+02 3.41e+02  4.69e+08     3s
  15  -6.52921029e+12  1.08346578e+12  1.26e+02 1.61e+02  2.51e+08     3s
  16  -1.92142397e+12  3.62427170e+11  2.64e+01 2.91e+01  6.36e+07     3s
  17  -4.64531787e+11  1.11120849e+11  5.89e+00 3.01e+00  1.42e+07     4s
  18  -7.48885292e+10  3.88301744e+10  7.13e-01 4.76e-01  2.73e+06     4s
  19  -1.19438703e+10  2.02205575e+10  1.96e-01 8.36e-02  7.62e+05     4s
  20   1.61749640e+09  1.70571881e+10  9.12e-02 3.90e-02  3.65e+05     4s
  21   9.20909629e+09  1.59888844e+10  3.41e-02 2.47e-02  1.61e+05     4s
  22   1.12662464e+10  1.51527030e+10  1.90e-02 1.30e-02  9.19e+04     4s
  23   1.21538235e+10  1.48211235e+10  1.28e-02 8.84e-03  6.31e+04     4s
  24   1.23072563e+10  1.47683035e+10  1.17e-02 8.19e-03  5.82e+04     4s
  25   1.26792056e+10  1.46490106e+10  9.17e-03 6.71e-03  4.66e+04     4s
  26   1.31727779e+10  1.44971958e+10  5.74e-03 4.92e-03  3.13e+04     4s
  27   1.34060991e+10  1.44173978e+10  4.78e-03 4.06e-03  2.39e+04     4s
  28   1.36232954e+10  1.42791010e+10  3.33e-03 2.60e-03  1.55e+04     5s
  29   1.37832914e+10  1.41944815e+10  7.30e-03 1.72e-03  9.73e+03     5s
  30   1.38604629e+10  1.41408119e+10  9.67e-03 1.16e-03  6.64e+03     5s
  31   1.39092640e+10  1.41128892e+10  6.81e-03 8.72e-04  4.82e+03     5s
  32   1.39507021e+10  1.40874411e+10  4.57e-03 6.12e-04  3.24e+03     5s
  33   1.39869366e+10  1.40543014e+10  3.08e-03 2.81e-04  1.59e+03     5s
  34   1.40045375e+10  1.40426218e+10  1.05e-03 1.72e-04  9.02e+02     5s
  35   1.40083770e+10  1.40383507e+10  9.11e-04 1.34e-04  7.10e+02     5s
  36   1.40132670e+10  1.40360340e+10  1.42e-03 1.14e-04  5.40e+02     5s
  37   1.40164507e+10  1.40300100e+10  1.56e-03 6.33e-05  3.21e+02     6s
  38   1.40190111e+10  1.40275103e+10  8.53e-04 4.24e-05  2.02e+02     6s
  39   1.40199236e+10  1.40270195e+10  9.16e-02 3.82e-05  1.68e+02     6s
  40   1.40199220e+10  1.40270166e+10  9.16e-02 3.82e-05  1.68e+02     6s
  41   1.40201713e+10  1.40263928e+10  1.61e-01 3.30e-05  1.47e+02     6s
  42   1.40204050e+10  1.40257501e+10  3.96e-01 1.88e-05  1.26e+02     6s
  43   1.40207409e+10  1.40250857e+10  6.38e-01 1.48e-05  1.02e+02     6s
  44   1.40210831e+10  1.40240584e+10  4.40e-01 1.18e-05  6.94e+01     6s
  45   1.40215675e+10  1.40237713e+10  3.36e-01 1.19e-05  5.11e+01     7s
  46   1.40218327e+10  1.40235533e+10  3.36e-01 1.38e-05  3.97e+01     7s
  47   1.40220239e+10  1.40230980e+10  7.87e-01 1.11e-05  2.46e+01     7s

Barrier solved model in 47 iterations and 6.88 seconds (1.07 work units)
Optimal objective 1.40220239e+10


Gurobi 12.0.1 (linux64) logging started Wed Feb 19 13:46:01 2025

Set parameter LogFile to value "solver_etrago.log"
Set parameter Threads to value 7
Gurobi Optimizer version 12.0.1 build v12.0.1rc0 (linux64 - "Ubuntu 24.04.1 LTS")

CPU model: Intel(R) Core(TM) i5-10210U CPU @ 1.60GHz, instruction set [SSE2|AVX|AVX2]
Thread count: 4 physical cores, 8 logical processors, using up to 7 threads

Non-default parameters:
FeasibilityTol  1e-05
Method  2
BarConvTol  1e-05
Crossover  0
Threads  7

Optimize a model with 89164 rows, 42109 columns and 156506 nonzeros
Model fingerprint: 0xc3d36bf2
Coefficient statistics:
  Matrix range     [2e-03, 5e+02]
  Objective range  [2e-05, 5e+04]
  Bounds range     [1e+08, 1e+08]
  RHS range        [9e-04, 3e+08]
Presolve removed 24000 rows and 62394 columns
Presolve time: 0.31s
Presolved: 18109 rows, 26771 columns, 84409 nonzeros
Ordering time: 0.92s

Barrier statistics:
 Dense cols : 34
 Free vars  : 183
 AA' NZ     : 2.598e+05
 Factor NZ  : 1.311e+06 (roughly 30 MB of memory)
 Factor Ops : 3.628e+08 (less than 1 second per iteration)
 Threads    : 7

                  Objective                Residual
Iter       Primal          Dual         Primal    Dual     Compl     Time
   0  -5.42102491e+16  1.53416893e+14  4.90e+07 3.01e+07  2.56e+13     2s
   1  -3.28383555e+16  1.69999341e+13  2.80e+07 1.93e+07  1.63e+13     2s
   2  -1.06047239e+16 -1.37865570e+14  7.26e+06 1.11e+07  8.90e+12     2s
   3  -9.29940123e+15 -3.16622113e+15  6.26e+06 5.90e+06  5.00e+12     2s
   4  -7.06067371e+15 -5.21086919e+14  4.51e+06 4.91e+06  4.16e+12     2s
   5  -4.70798109e+15 -1.49127447e+15  2.80e+06 2.97e+06  2.54e+12     2s
   6  -2.23599257e+15 -5.15430477e+14  1.10e+06 1.26e+06  1.09e+12     2s
   7  -8.56224289e+14 -1.40925078e+14  2.88e+05 5.96e+05  4.97e+11     2s
   8  -5.49876955e+14 -6.16205685e+13  1.72e+05 4.23e+05  3.54e+11     2s
   9  -2.42894130e+14  2.56865740e+13  2.97e+04 1.59e+05  1.32e+11     2s
  10  -1.89978449e+14  2.28385650e+13  1.64e+04 5.40e+04  4.80e+10     3s
  11  -1.12490555e+14  1.19775957e+13  5.00e+03 1.30e+04  1.29e+10     3s
  12  -6.26682914e+13  4.22770095e+12  1.45e+03 2.64e+03  3.43e+09     3s
  13  -3.94254390e+13  2.82466080e+12  7.36e+02 1.64e+03  2.03e+09     3s
  14  -2.21232706e+13  2.45284984e+12  3.27e+02 1.40e+03  1.36e+09     3s
  15  -8.58020958e+12  1.13923580e+12  8.78e+01 2.82e+02  3.63e+08     3s
  16  -3.85441878e+12  5.54587901e+11  3.11e+01 9.84e+01  1.43e+08     3s
  17  -9.58301031e+11  1.73797686e+11  5.46e+00 1.36e+01  3.04e+07     3s
  18  -2.08421823e+11  6.85506767e+10  8.34e-01 3.06e+00  7.04e+06     3s
  19  -3.73880987e+10  2.94042983e+10  1.60e-01 4.79e-01  1.62e+06     3s
  20  -4.68209463e+09  1.92624882e+10  5.58e-02 1.42e-01  5.73e+05     4s
  21   7.82761430e+09  1.65344494e+10  1.77e-02 6.50e-02  2.08e+05     4s
  22   1.01666107e+10  1.56431915e+10  1.05e-02 4.10e-02  1.31e+05     4s
  23   1.13513792e+10  1.49926759e+10  7.19e-03 2.34e-02  8.67e+04     4s
  24   1.18881045e+10  1.48604265e+10  5.73e-03 1.97e-02  7.08e+04     4s
  25   1.23464873e+10  1.47238573e+10  4.49e-03 1.62e-02  5.66e+04     4s
  26   1.25888046e+10  1.44870893e+10  3.84e-03 9.92e-03  4.51e+04     4s
  27   1.30740299e+10  1.43600023e+10  2.54e-03 6.70e-03  3.05e+04     4s
  28   1.33829117e+10  1.42515119e+10  6.81e-03 4.18e-03  2.06e+04     4s
  29   1.36171311e+10  1.41970673e+10  9.58e-03 3.06e-03  1.38e+04     4s
  30   1.37014786e+10  1.41575429e+10  8.65e-03 2.30e-03  1.08e+04     4s
  31   1.37949284e+10  1.41199878e+10  4.22e-03 1.59e-03  7.71e+03     5s
  32   1.38900966e+10  1.40882606e+10  7.80e-03 1.00e-03  4.70e+03     5s
  33   1.39391122e+10  1.40709828e+10  4.84e-03 7.07e-04  3.13e+03     5s
  34   1.39675046e+10  1.40516268e+10  3.19e-03 3.97e-04  1.99e+03     5s
  35   1.39930290e+10  1.40443423e+10  1.75e-03 2.86e-04  1.22e+03     5s
  36   1.40039156e+10  1.40380140e+10  1.93e-03 1.95e-04  8.10e+02     5s
  37   1.40120676e+10  1.40317932e+10  1.03e-03 1.09e-04  4.68e+02     5s
  38   1.40152042e+10  1.40297681e+10  1.03e-03 8.27e-05  3.46e+02     5s
  39   1.40168782e+10  1.40281529e+10  8.09e-04 6.19e-05  2.68e+02     5s
  40   1.40187048e+10  1.40272371e+10  2.79e-03 5.02e-05  2.03e+02     6s
  41   1.40190663e+10  1.40265818e+10  7.54e-02 4.21e-05  1.78e+02     6s
  42   1.40194607e+10  1.40259586e+10  1.07e-01 3.45e-05  1.54e+02     6s
  43   1.40214636e+10  1.40244667e+10  2.31e-01 1.58e-05  7.10e+01     6s
  44   1.40218577e+10  1.40240980e+10  3.48e-01 1.15e-05  5.34e+01     6s
  45   1.40221826e+10  1.40237305e+10  2.55e-01 1.36e-05  3.68e+01     6s
  46   1.40221969e+10  1.40237042e+10  2.47e-01 1.31e-05  3.56e+01     6s
  47   1.40222866e+10  1.40236380e+10  2.19e-01 1.39e-05  3.21e+01     6s
  48   1.40225088e+10  1.40234106e+10  5.86e-01 1.59e-05  2.13e+01     7s

Barrier solved model in 48 iterations and 6.61 seconds (1.08 work units)
Optimal objective 1.40225088e+10


Gurobi 12.0.1 (linux64) logging started Wed Feb 19 15:38:55 2025

Set parameter LogFile to value "solver_etrago.log"
Set parameter Threads to value 7
Gurobi Optimizer version 12.0.1 build v12.0.1rc0 (linux64 - "Ubuntu 24.04.1 LTS")

CPU model: Intel(R) Core(TM) i5-10210U CPU @ 1.60GHz, instruction set [SSE2|AVX|AVX2]
Thread count: 4 physical cores, 8 logical processors, using up to 7 threads

Non-default parameters:
FeasibilityTol  1e-05
Method  2
BarConvTol  1e-05
Crossover  0
Threads  7

Optimize a model with 296753 rows, 137327 columns and 655481 nonzeros
Model fingerprint: 0x5588af63
Coefficient statistics:
  Matrix range     [4e-01, 1e+05]
  Objective range  [3e-03, 1e+04]
  Bounds range     [1e+00, 4e+07]
  RHS range        [1e-25, 3e+08]
Presolve removed 28696 rows and 133349 columns
Presolve time: 2.10s
Presolved: 108631 rows, 181549 columns, 542873 nonzeros
Ordering time: 5.75s

Barrier statistics:
 Dense cols : 336
 Free vars  : 15
 AA' NZ     : 1.870e+06
 Factor NZ  : 7.925e+06 (roughly 180 MB of memory)
 Factor Ops : 3.091e+09 (less than 1 second per iteration)
 Threads    : 7

                  Objective                Residual
Iter       Primal          Dual         Primal    Dual     Compl     Time
   0  -2.29861160e+16  1.88998241e+14  1.25e+07 1.47e+07  9.93e+11    10s
   1  -7.36094799e+15  3.17614957e+14  3.87e+06 9.76e+06  5.96e+11    10s
   2  -2.98061583e+15  3.20470688e+14  1.44e+06 7.63e+06  4.54e+11    11s
   3  -1.13383699e+15  2.33665737e+14  4.77e+05 4.02e+06  2.39e+11    11s
   4  -6.96503423e+14  2.37230341e+14  2.71e+05 3.47e+06  2.04e+11    12s
   5  -3.57344839e+14  1.65455789e+14  1.09e+05 1.38e+06  8.37e+10    13s
   6  -7.97049469e+13  2.97476650e+13  1.16e+04 1.11e+05  6.98e+09    13s
   7  -3.17488723e+13  1.51308562e+13  1.23e+03 5.44e+04  3.37e+09    14s
   8  -1.75405224e+13  4.19868141e+12  1.18e+02 9.15e+03  6.13e+08    15s
   9  -8.72499135e+12  9.08165573e+11  1.86e+01 1.16e+03  9.82e+07    16s
  10  -4.41707341e+12  3.91096297e+11  7.03e+00 3.16e+02  3.29e+07    16s
  11  -1.76123480e+12  1.79702925e+11  1.95e+00 9.10e+01  1.06e+07    17s
  12  -6.31871784e+11  6.76006517e+10  5.63e-01 2.30e+01  3.17e+06    18s
  13  -1.24330324e+11  2.73213773e+10  8.57e-02 3.80e+00  6.11e+05    19s
  14  -1.46556973e+10  2.03229674e+10  1.61e-02 1.30e+00  1.37e+05    19s
  15   4.05826888e+09  1.73732489e+10  1.01e-02 5.68e-01  5.11e+04    20s
  16   8.68087261e+09  1.65406480e+10  1.36e-02 3.91e-01  3.00e+04    21s
  17   1.09270825e+10  1.54216293e+10  1.18e-02 1.81e-01  1.69e+04    22s
  18   1.20425896e+10  1.50603752e+10  9.38e-03 1.23e-01  1.13e+04    22s
  19   1.33053310e+10  1.47301714e+10  7.17e-03 7.56e-02  5.35e+03    23s
  20   1.37296832e+10  1.45367993e+10  4.55e-03 5.09e-02  3.04e+03    24s
  21   1.38580926e+10  1.44170723e+10  3.44e-03 3.61e-02  2.10e+03    24s
  22   1.39482355e+10  1.43320996e+10  2.93e-03 2.58e-02  1.44e+03    25s
  23   1.40143608e+10  1.42605039e+10  2.33e-03 1.74e-02  9.27e+02    25s
  24   1.40679417e+10  1.42085820e+10  1.89e-03 1.15e-02  5.32e+02    26s
  25   1.40816841e+10  1.41630006e+10  1.22e-03 6.30e-03  3.07e+02    27s
  26   1.40903338e+10  1.41463411e+10  7.59e-04 4.44e-03  2.11e+02    27s
  27   1.40954888e+10  1.41376083e+10  1.10e-03 3.47e-03  1.59e+02    28s
  28   1.40978194e+10  1.41321375e+10  1.00e-03 2.87e-03  1.30e+02    28s
  29   1.41010643e+10  1.41282295e+10  8.37e-04 2.44e-03  1.03e+02    29s
  30   1.41028426e+10  1.41253113e+10  8.83e-04 2.12e-03  8.53e+01    29s
  31   1.41041174e+10  1.41116447e+10  9.20e-04 6.39e-04  2.85e+01    30s
  32   1.41048582e+10  1.41078873e+10  1.48e-03 2.35e-04  1.14e+01    31s
  33   1.41049751e+10  1.41070170e+10  1.50e-03 1.45e-04  7.68e+00    32s
  34   1.41052249e+10  1.41065445e+10  1.50e-03 9.75e-05  4.97e+00    32s
  35   1.41053669e+10  1.41060947e+10  1.41e-03 5.28e-05  2.74e+00    33s

Barrier solved model in 35 iterations and 32.93 seconds (4.56 work units)
Optimal objective 1.41053669e+10


Gurobi 12.0.1 (linux64) logging started Wed Feb 19 15:52:59 2025

Set parameter LogFile to value "solver_etrago.log"
Set parameter Threads to value 7
Gurobi Optimizer version 12.0.1 build v12.0.1rc0 (linux64 - "Ubuntu 24.04.1 LTS")

CPU model: Intel(R) Core(TM) i5-10210U CPU @ 1.60GHz, instruction set [SSE2|AVX|AVX2]
Thread count: 4 physical cores, 8 logical processors, using up to 7 threads

Non-default parameters:
FeasibilityTol  1e-05
Method  2
BarConvTol  1e-05
Crossover  0
Threads  7

Optimize a model with 89164 rows, 42109 columns and 156506 nonzeros
Model fingerprint: 0xf7c3daed
Coefficient statistics:
  Matrix range     [1e-03, 8e+02]
  Objective range  [2e-05, 5e+04]
  Bounds range     [1e+08, 1e+08]
  RHS range        [9e-04, 3e+08]
Presolve removed 24000 rows and 62263 columns
Presolve time: 0.40s
Presolved: 18109 rows, 26902 columns, 84560 nonzeros
Ordering time: 1.01s

Barrier statistics:
 Dense cols : 34
 Free vars  : 186
 AA' NZ     : 2.600e+05
 Factor NZ  : 1.372e+06 (roughly 30 MB of memory)
 Factor Ops : 4.020e+08 (less than 1 second per iteration)
 Threads    : 7

                  Objective                Residual
Iter       Primal          Dual         Primal    Dual     Compl     Time
   0  -5.42028261e+16  1.27008127e+14  4.89e+07 2.57e+07  2.20e+13     2s
   1  -2.39053970e+16  3.85712215e+13  1.84e+07 1.60e+07  1.23e+13     2s
   2  -8.91777736e+15 -4.83217250e+14  5.78e+06 6.25e+06  4.91e+12     2s
   3  -6.60760918e+15 -2.34678060e+15  4.18e+06 4.37e+06  3.46e+12     2s
   4  -3.99822571e+15 -2.03265031e+15  2.34e+06 2.82e+06  2.23e+12     2s
   5  -1.61611708e+15 -6.79972501e+14  7.40e+05 1.09e+06  8.61e+11     2s
   6  -6.77007485e+14 -2.34432256e+14  2.30e+05 4.76e+05  3.71e+11     3s
   7  -4.68649116e+14 -1.33702548e+14  1.46e+05 3.32e+05  2.58e+11     3s
   8  -2.50729134e+14 -2.89342628e+13  4.40e+04 1.52e+05  1.19e+11     3s
   9  -1.72360011e+14  4.12949783e+12  1.83e+04 5.31e+04  4.35e+10     3s
  10  -1.12417345e+14  6.49754795e+12  7.49e+03 2.14e+04  1.81e+10     3s
  11  -5.53133315e+13  3.14054474e+12  1.54e+03 4.94e+03  4.61e+09     3s
  12  -3.52829447e+13  2.36323001e+12  6.95e+02 3.80e+03  3.17e+09     3s
  13  -2.06777530e+13  1.62175778e+12  2.77e+02 2.56e+03  1.93e+09     3s
  14  -8.08379500e+12  8.14119218e+11  2.83e+01 3.17e+02  3.62e+08     3s
  15  -2.96593959e+12  4.80939549e+11  6.95e+00 1.38e+02  1.33e+08     3s
  16  -9.17501628e+11  1.87316839e+11  1.69e+00 3.28e+01  3.48e+07     4s
  17  -4.03195389e+11  8.28334735e+10  6.40e-01 1.15e+01  1.38e+07     4s
  18  -6.45993647e+10  3.87708019e+10  9.38e-02 3.31e+00  2.85e+06     4s
  19  -8.19001283e+09  2.20880841e+10  2.35e-02 9.36e-01  7.96e+05     4s
  20   4.74945698e+09  1.78360684e+10  8.76e-03 4.13e-01  3.37e+05     4s
  21   9.40990590e+09  1.69866239e+10  3.78e-03 3.19e-01  1.97e+05     4s
  22   1.09093798e+10  1.53914032e+10  2.45e-03 1.34e-01  1.13e+05     4s
  23   1.15030797e+10  1.52532296e+10  1.97e-03 1.20e-01  9.46e+04     4s
  24   1.21246860e+10  1.49610817e+10  1.47e-03 8.85e-02  7.12e+04     4s
  25   1.26881765e+10  1.46626841e+10  1.21e-03 5.74e-02  4.92e+04     5s
  26   1.32950790e+10  1.44572590e+10  1.12e-03 3.71e-02  2.91e+04     5s
  27   1.35799888e+10  1.43003532e+10  1.53e-03 2.27e-02  1.80e+04     5s
  28   1.36748333e+10  1.41974193e+10  3.44e-03 1.37e-02  1.29e+04     5s
  29   1.37841986e+10  1.41464983e+10  3.00e-03 9.10e-03  8.91e+03     5s
  30   1.38625597e+10  1.41112655e+10  1.91e-03 6.00e-03  6.10e+03     5s
  31   1.39433468e+10  1.40801028e+10  3.02e-03 3.33e-03  3.35e+03     5s
  32   1.39825106e+10  1.40601002e+10  7.29e-03 1.78e-03  1.90e+03     6s
  33   1.39980915e+10  1.40525433e+10  5.00e-03 1.24e-03  1.33e+03     6s
  34   1.40068810e+10  1.40476434e+10  3.92e-03 9.13e-04  9.96e+02     6s
  35   1.40177420e+10  1.40408482e+10  2.23e-03 4.71e-04  5.62e+02     6s
  36   1.40239332e+10  1.40367238e+10  1.70e-03 2.20e-04  3.09e+02     6s
  37   1.40274374e+10  1.40353481e+10  1.47e-03 1.42e-04  1.92e+02     6s
  38   1.40279260e+10  1.40349843e+10  7.98e-02 1.23e-04  1.71e+02     6s
  39   1.40298484e+10  1.40340466e+10  5.14e-02 7.41e-05  1.02e+02     7s
  40   1.40306612e+10  1.40336628e+10  1.31e-01 5.47e-05  7.26e+01     7s
  41   1.40312623e+10  1.40332866e+10  6.64e-01 3.71e-05  4.89e+01     7s
  42   1.40316358e+10  1.40331380e+10  4.92e-01 3.03e-05  3.64e+01     7s
  43   1.40316508e+10  1.40331045e+10  4.83e-01 2.88e-05  3.52e+01     7s
  44   1.40319317e+10  1.40330097e+10  2.97e-01 2.43e-05  2.61e+01     7s

Barrier solved model in 44 iterations and 7.26 seconds (0.97 work units)
Optimal objective 1.40319317e+10


Gurobi 12.0.1 (linux64) logging started Wed Feb 19 15:54:38 2025

Set parameter LogFile to value "solver_etrago.log"
Set parameter Threads to value 7
Gurobi Optimizer version 12.0.1 build v12.0.1rc0 (linux64 - "Ubuntu 24.04.1 LTS")

CPU model: Intel(R) Core(TM) i5-10210U CPU @ 1.60GHz, instruction set [SSE2|AVX|AVX2]
Thread count: 4 physical cores, 8 logical processors, using up to 7 threads

Non-default parameters:
FeasibilityTol  1e-05
Method  2
BarConvTol  1e-05
Crossover  0
Threads  7

Optimize a model with 89164 rows, 42109 columns and 156506 nonzeros
Model fingerprint: 0x7cfe5d2e
Coefficient statistics:
  Matrix range     [2e-03, 5e+02]
  Objective range  [2e-05, 5e+04]
  Bounds range     [1e+08, 1e+08]
  RHS range        [9e-04, 3e+08]
Presolve removed 24003 rows and 62394 columns
Presolve time: 0.37s
Presolved: 18106 rows, 26771 columns, 84405 nonzeros
Ordering time: 1.00s

Barrier statistics:
 Dense cols : 34
 Free vars  : 198
 AA' NZ     : 2.596e+05
 Factor NZ  : 1.388e+06 (roughly 30 MB of memory)
 Factor Ops : 4.249e+08 (less than 1 second per iteration)
 Threads    : 7

                  Objective                Residual
Iter       Primal          Dual         Primal    Dual     Compl     Time
   0  -1.27010388e+17  9.29323489e+13  1.24e+08 2.03e+07  5.01e+13     2s
   1  -7.67636094e+16  2.18863150e+14  7.11e+07 1.28e+07  3.14e+13     2s
   2  -2.23130286e+16  2.29359029e+14  1.64e+07 6.45e+06  1.52e+13     2s
   3  -5.09957633e+15  1.32684037e+14  2.39e+06 1.43e+06  3.38e+12     2s
   4  -1.62291816e+15  2.46441527e+14  4.55e+05 3.84e+05  9.09e+11     2s
   5  -8.87903898e+14  1.90373587e+14  1.71e+05 1.20e+05  2.97e+11     2s
   6  -3.92304839e+14  8.31719169e+13  3.07e+04 2.89e+04  7.29e+10     3s
   7  -2.74054446e+14  3.83298170e+13  1.48e+04 9.55e+03  2.72e+10     3s
   8  -1.40774797e+14  1.67835763e+13  4.94e+03 3.28e+03  9.77e+09     3s
   9  -5.35447880e+13  4.87103436e+12  1.02e+03 6.28e+02  2.36e+09     3s
  10  -5.05236590e+13  3.96786136e+12  9.48e+02 5.14e+02  2.07e+09     3s
  11  -1.41311120e+13  2.36119632e+12  1.66e+02 2.08e+02  6.26e+08     3s
  12  -4.50485395e+12  1.18172581e+12  4.04e+01 9.35e+01  2.12e+08     3s
  13  -1.48856176e+12  3.19250765e+11  9.39e+00 1.84e+01  5.37e+07     3s
  14  -2.16339022e+11  6.86966143e+10  7.31e-01 9.41e-01  7.01e+06     4s
  15  -1.72391000e+10  2.42242154e+10  7.38e-02 7.96e-02  9.84e+05     4s
  16   2.46848717e+09  1.88860131e+10  2.61e-02 3.72e-02  3.88e+05     4s
  17   8.37642531e+09  1.68163649e+10  1.17e-02 2.11e-02  1.99e+05     4s
  18   1.05024240e+10  1.58823238e+10  6.92e-03 1.39e-02  1.27e+05     4s
  19   1.14550379e+10  1.51722858e+10  5.04e-03 8.58e-03  8.77e+04     4s
  20   1.21983211e+10  1.48216364e+10  3.55e-03 5.83e-03  6.19e+04     4s
  21   1.25577024e+10  1.47274579e+10  2.83e-03 5.07e-03  5.12e+04     4s
  22   1.28514448e+10  1.45652096e+10  2.26e-03 3.77e-03  4.04e+04     4s
  23   1.31651670e+10  1.44109765e+10  1.63e-03 2.59e-03  2.94e+04     5s
  24   1.33361515e+10  1.43344870e+10  1.32e-03 2.05e-03  2.35e+04     5s
  25   1.35464618e+10  1.42555146e+10  9.91e-04 1.50e-03  1.67e+04     5s
  26   1.37146256e+10  1.41706810e+10  1.03e-03 9.05e-04  1.07e+04     5s
  27   1.38200954e+10  1.41398752e+10  9.37e-04 7.00e-04  7.54e+03     5s
  28   1.38896870e+10  1.41026214e+10  9.82e-04 4.57e-04  5.02e+03     5s
  29   1.39375768e+10  1.40762476e+10  7.40e-04 4.22e-04  3.27e+03     5s
  30   1.39691782e+10  1.40590759e+10  5.34e-04 3.88e-04  2.12e+03     6s
  31   1.39954605e+10  1.40493163e+10  2.74e-04 3.36e-04  1.27e+03     6s
  32   1.40056735e+10  1.40354046e+10  2.39e-04 1.54e-04  7.01e+02     6s
  33   1.40127928e+10  1.40304241e+10  1.36e-04 9.75e-05  4.16e+02     6s
  34   1.40152870e+10  1.40276855e+10  9.56e-05 6.69e-05  2.92e+02     6s
  35   1.40165836e+10  1.40263668e+10  7.47e-05 5.22e-05  2.31e+02     6s
  36   1.40183337e+10  1.40245573e+10  4.64e-05 3.26e-05  1.47e+02     6s
  37   1.40194369e+10  1.40236703e+10  2.89e-05 2.34e-05  9.98e+01     6s
  38   1.40206768e+10  1.40222615e+10  1.93e-05 8.75e-06  3.74e+01     7s
  39   1.40209434e+10  1.40217640e+10  3.13e-05 3.85e-06  1.93e+01     7s

Barrier solved model in 39 iterations and 6.83 seconds (0.85 work units)
Optimal objective 1.40209434e+10


Gurobi 12.0.1 (linux64) logging started Wed Feb 19 15:56:19 2025

Set parameter LogFile to value "solver_etrago.log"
Set parameter Threads to value 7
Gurobi Optimizer version 12.0.1 build v12.0.1rc0 (linux64 - "Ubuntu 24.04.1 LTS")

CPU model: Intel(R) Core(TM) i5-10210U CPU @ 1.60GHz, instruction set [SSE2|AVX|AVX2]
Thread count: 4 physical cores, 8 logical processors, using up to 7 threads

Non-default parameters:
FeasibilityTol  1e-05
Method  2
BarConvTol  1e-05
Crossover  0
Threads  7

Optimize a model with 89164 rows, 42109 columns and 156506 nonzeros
Model fingerprint: 0x78a681ce
Coefficient statistics:
  Matrix range     [2e-03, 5e+02]
  Objective range  [2e-05, 5e+04]
  Bounds range     [1e+08, 1e+08]
  RHS range        [9e-04, 3e+08]
Presolve removed 24000 rows and 62394 columns
Presolve time: 0.37s
Presolved: 18109 rows, 26771 columns, 84409 nonzeros
Ordering time: 0.98s

Barrier statistics:
 Dense cols : 34
 Free vars  : 183
 AA' NZ     : 2.598e+05
 Factor NZ  : 1.311e+06 (roughly 30 MB of memory)
 Factor Ops : 3.628e+08 (less than 1 second per iteration)
 Threads    : 7

                  Objective                Residual
Iter       Primal          Dual         Primal    Dual     Compl     Time
   0  -5.41559341e+16  1.53602528e+14  4.90e+07 3.00e+07  2.56e+13     2s
   1  -3.28009019e+16 -1.62160675e+12  2.79e+07 1.93e+07  1.63e+13     2s
   2  -1.06447721e+16 -1.57277530e+14  7.30e+06 1.11e+07  9.00e+12     2s
   3  -9.40405661e+15 -2.32662695e+15  6.35e+06 5.32e+06  4.63e+12     2s
   4  -8.26049792e+15 -7.30737373e+14  5.48e+06 4.55e+06  3.98e+12     2s
   5  -6.48916482e+15 -2.19604252e+15  4.15e+06 3.61e+06  3.17e+12     2s
   6  -2.42804537e+15 -1.48623073e+15  1.23e+06 2.24e+06  1.85e+12     2s
   7  -1.13013523e+15 -3.92683970e+14  4.47e+05 8.10e+05  6.83e+11     3s
   8  -6.24792656e+14 -1.80563864e+14  2.14e+05 4.82e+05  4.05e+11     3s
   9  -3.57819580e+14  1.88765143e+12  7.48e+04 1.70e+05  1.51e+11     3s
  10  -2.02047084e+14  2.55813169e+13  2.38e+04 4.15e+04  4.00e+10     3s
  11  -1.32709713e+14  1.40364630e+13  1.09e+04 1.14e+04  1.28e+10     3s
  12  -6.75066235e+13  4.88068086e+12  3.21e+03 1.95e+03  3.19e+09     3s
  13  -3.47044726e+13  3.67098176e+12  1.28e+03 1.37e+03  1.77e+09     3s
  14  -1.05124113e+13  2.08348984e+12  2.16e+02 3.61e+02  4.81e+08     3s
  15  -5.87249955e+12  1.10065125e+12  1.10e+02 1.71e+02  2.38e+08     3s
  16  -2.32010582e+12  3.75142486e+11  3.50e+01 3.82e+01  7.67e+07     4s
  17  -4.96963576e+11  1.23510121e+11  6.68e+00 5.04e+00  1.57e+07     4s
  18  -9.20964550e+10  3.44998657e+10  1.06e+00 4.06e-01  3.03e+06     4s
  19  -1.65513274e+10  2.03302202e+10  2.89e-01 8.73e-02  8.74e+05     4s
  20  -3.98456748e+09  1.80265629e+10  1.68e-01 5.30e-02  5.21e+05     4s
  21   9.43167052e+09  1.62471374e+10  4.12e-02 2.81e-02  1.62e+05     4s
  22   1.13128517e+10  1.53800166e+10  2.33e-02 1.66e-02  9.64e+04     4s
  23   1.21988471e+10  1.49045102e+10  1.55e-02 1.04e-02  6.41e+04     4s
  24   1.26308550e+10  1.47772807e+10  1.18e-02 8.77e-03  5.08e+04     4s
  25   1.29443829e+10  1.46227258e+10  9.07e-03 6.78e-03  3.97e+04     4s
  26   1.30722643e+10  1.44834670e+10  8.00e-03 5.03e-03  3.34e+04     5s
  27   1.33771162e+10  1.43358609e+10  5.38e-03 3.28e-03  2.27e+04     5s
  28   1.36185734e+10  1.42621866e+10  7.16e-03 2.46e-03  1.52e+04     5s
  29   1.37286360e+10  1.41948624e+10  1.34e-02 1.72e-03  1.10e+04     5s
  30   1.38099740e+10  1.41556651e+10  1.03e-02 1.32e-03  8.18e+03     5s
  31   1.38499206e+10  1.41260359e+10  8.28e-03 1.01e-03  6.53e+03     5s
  32   1.39149076e+10  1.40911494e+10  6.10e-03 6.41e-04  4.17e+03     5s
  33   1.39644336e+10  1.40656534e+10  3.77e-03 3.82e-04  2.39e+03     6s
  34   1.39842198e+10  1.40531590e+10  1.99e-03 2.65e-04  1.63e+03     6s
  35   1.39986553e+10  1.40430441e+10  1.16e-03 1.72e-04  1.05e+03     6s
  36   1.40047807e+10  1.40390267e+10  7.59e-04 1.37e-04  8.10e+02     6s
  37   1.40113449e+10  1.40318269e+10  3.83e-04 7.50e-05  4.84e+02     6s
  38   1.40144302e+10  1.40297398e+10  3.98e-02 5.77e-05  3.62e+02     6s
  39   1.40168176e+10  1.40277505e+10  2.57e-02 4.21e-05  2.59e+02     7s
  40   1.40177340e+10  1.40271560e+10  1.89e-01 3.72e-05  2.23e+02     7s
  41   1.40192722e+10  1.40258985e+10  1.18e-01 2.73e-05  1.57e+02     7s
  42   1.40200286e+10  1.40251359e+10  5.66e-01 2.11e-05  1.21e+02     7s
  43   1.40205839e+10  1.40245881e+10  4.82e-01 1.68e-05  9.48e+01     7s
  44   1.40206055e+10  1.40245411e+10  4.75e-01 1.65e-05  9.30e+01     7s
  45   1.40212815e+10  1.40241311e+10  7.59e-01 1.31e-05  6.60e+01     7s
  46   1.40217019e+10  1.40237188e+10  4.37e-01 1.08e-05  4.70e+01     8s
  47   1.40219147e+10  1.40232502e+10  3.20e-01 1.46e-05  3.04e+01     8s
  48   1.40221944e+10  1.40229322e+10  3.87e-01 1.09e-05  1.74e+01     8s

Barrier solved model in 48 iterations and 7.87 seconds (1.11 work units)
Optimal objective 1.40221944e+10


Gurobi 12.0.1 (linux64) logging started Wed Feb 19 15:57:59 2025

Set parameter LogFile to value "solver_etrago.log"
Set parameter Threads to value 7
Gurobi Optimizer version 12.0.1 build v12.0.1rc0 (linux64 - "Ubuntu 24.04.1 LTS")

CPU model: Intel(R) Core(TM) i5-10210U CPU @ 1.60GHz, instruction set [SSE2|AVX|AVX2]
Thread count: 4 physical cores, 8 logical processors, using up to 7 threads

Non-default parameters:
FeasibilityTol  1e-05
Method  2
BarConvTol  1e-05
Crossover  0
Threads  7

Optimize a model with 89164 rows, 42109 columns and 156506 nonzeros
Model fingerprint: 0xa4b26585
Coefficient statistics:
  Matrix range     [2e-03, 5e+02]
  Objective range  [2e-05, 5e+04]
  Bounds range     [1e+08, 1e+08]
  RHS range        [9e-04, 3e+08]
Presolve removed 24000 rows and 62394 columns
Presolve time: 0.40s
Presolved: 18109 rows, 26771 columns, 84409 nonzeros
Ordering time: 0.99s

Barrier statistics:
 Dense cols : 34
 Free vars  : 183
 AA' NZ     : 2.598e+05
 Factor NZ  : 1.311e+06 (roughly 30 MB of memory)
 Factor Ops : 3.628e+08 (less than 1 second per iteration)
 Threads    : 7

                  Objective                Residual
Iter       Primal          Dual         Primal    Dual     Compl     Time
   0  -5.42119175e+16  1.53393559e+14  4.90e+07 3.01e+07  2.56e+13     2s
   1  -3.28400658e+16  1.79112800e+13  2.80e+07 1.93e+07  1.63e+13     2s
   2  -1.06033195e+16 -1.40617852e+14  7.26e+06 1.11e+07  8.90e+12     2s
   3  -9.29476317e+15 -3.17540546e+15  6.26e+06 5.90e+06  5.00e+12     2s
   4  -7.01435174e+15 -5.41506659e+14  4.50e+06 4.92e+06  4.17e+12     2s
   5  -4.50482794e+15 -1.35871068e+15  2.68e+06 2.91e+06  2.48e+12     2s
   6  -1.90914744e+15 -6.39967427e+14  8.70e+05 1.42e+06  1.18e+12     3s
   7  -7.96944445e+14 -2.31434142e+14  2.35e+05 6.81e+05  5.51e+11     3s
   8  -4.84334898e+14 -1.19975101e+14  1.22e+05 4.61e+05  3.70e+11     3s
   9  -3.25945077e+14 -4.40026101e+13  5.27e+04 2.75e+05  2.19e+11     3s
  10  -2.26381466e+14 -1.32042693e+12  2.42e+04 1.20e+05  9.79e+10     3s
  11  -1.66460736e+14  1.13846438e+13  1.19e+04 4.23e+04  3.69e+10     3s
  12  -1.01708125e+14  8.15228113e+12  4.08e+03 1.29e+04  1.22e+10     3s
  13  -4.87532485e+13  3.86685940e+12  1.11e+03 3.92e+03  3.86e+09     3s
  14  -2.60837157e+13  2.35317832e+12  4.25e+02 2.47e+03  2.15e+09     3s
  15  -1.43863492e+13  1.61111609e+12  1.68e+02 1.44e+03  1.17e+09     4s
  16  -6.26491354e+12  8.22152862e+11  4.59e+01 3.36e+02  3.29e+08     4s
  17  -1.34015071e+12  2.42352936e+11  3.39e+00 3.31e+01  4.90e+07     4s
  18  -2.58980512e+11  7.56481649e+10  2.94e-01 6.36e+00  9.26e+06     4s
  19  -8.36657745e+10  3.41998604e+10  9.57e-02 1.55e+00  3.00e+06     4s
  20  -1.85179338e+10  2.16073089e+10  3.01e-02 4.93e-01  9.91e+05     4s
  21   2.42231084e+08  1.71585837e+10  1.20e-02 1.79e-01  4.11e+05     4s
  22   6.98137064e+09  1.57703684e+10  5.92e-03 9.02e-02  2.12e+05     4s
  23   1.01626474e+10  1.53228356e+10  3.16e-03 6.40e-02  1.25e+05     4s
  24   1.11401209e+10  1.50853054e+10  2.34e-03 5.10e-02  9.54e+04     4s
  25   1.17193673e+10  1.48265784e+10  1.86e-03 3.71e-02  7.49e+04     5s
  26   1.26521841e+10  1.46112350e+10  1.10e-03 2.59e-02  4.73e+04     5s
  27   1.32258799e+10  1.44409941e+10  1.67e-03 1.79e-02  2.94e+04     5s
  28   1.35361282e+10  1.42798360e+10  2.08e-03 1.04e-02  1.80e+04     5s
  29   1.37033066e+10  1.42021380e+10  2.41e-03 6.96e-03  1.20e+04     5s
  30   1.38389489e+10  1.41475776e+10  1.93e-03 4.63e-03  7.46e+03     5s
  31   1.39008929e+10  1.41146921e+10  3.17e-03 3.31e-03  5.17e+03     5s
  32   1.39470008e+10  1.40710651e+10  1.19e-02 1.61e-03  2.99e+03     5s
  33   1.39930370e+10  1.40528750e+10  5.26e-03 9.32e-04  1.45e+03     6s
  34   1.40065365e+10  1.40433374e+10  2.91e-03 6.17e-04  8.92e+02     6s
  35   1.40100273e+10  1.40386820e+10  2.26e-03 4.71e-04  6.94e+02     6s
  36   1.40148271e+10  1.40340350e+10  1.40e-03 3.38e-04  4.66e+02     6s
  37   1.40173622e+10  1.40322859e+10  1.60e-03 2.82e-04  3.63e+02     6s
  38   1.40193432e+10  1.40285645e+10  1.18e-03 1.67e-04  2.24e+02     7s
  39   1.40203938e+10  1.40271619e+10  7.81e-04 1.24e-04  1.65e+02     7s
  40   1.40215293e+10  1.40256347e+10  3.67e-03 7.55e-05  9.98e+01     7s
  41   1.40222480e+10  1.40242989e+10  4.40e-01 3.54e-05  4.97e+01     7s
  42   1.40222403e+10  1.40242908e+10  4.36e-01 3.51e-05  4.94e+01     8s
  43   1.40222532e+10  1.40242214e+10  4.30e-01 3.31e-05  4.74e+01     8s
  44   1.40226096e+10  1.40238248e+10  2.63e-01 1.84e-05  2.91e+01     8s

Barrier solved model in 44 iterations and 7.76 seconds (0.98 work units)
Optimal objective 1.40226096e+10

